::1 - - [04/Jun/2017:02:21:16 -0700] "GET / HTTP/1.1" 200 46
::1 - - [04/Jun/2017:02:21:17 -0700] "GET /favicon.ico HTTP/1.1" 404 209
::1 - - [04/Jun/2017:02:23:19 -0700] "GET / HTTP/1.1" 200 71
::1 - - [04/Jun/2017:02:23:22 -0700] "GET / HTTP/1.1" 304 -
::1 - - [04/Jun/2017:02:28:41 -0700] "GET /index.php HTTP/1.1" 404 207
::1 - - [04/Jun/2017:02:28:59 -0700] "GET /index.php HTTP/1.1" 404 207
::1 - - [04/Jun/2017:02:29:05 -0700] "GET / HTTP/1.1" 304 -
::1 - - [04/Jun/2017:02:30:51 -0700] "GET / HTTP/1.1" 200 81005
::1 - - [04/Jun/2017:02:31:22 -0700] "GET / HTTP/1.1" 200 80404
::1 - - [04/Jun/2017:02:34:41 -0700] "GET / HTTP/1.1" 200 80404
::1 - - [04/Jun/2017:02:36:59 -0700] "GET / HTTP/1.1" 200 80404
::1 - - [04/Jun/2017:02:41:27 -0700] "GET / HTTP/1.1" 200 80404
::1 - - [04/Jun/2017:02:44:30 -0700] "GET / HTTP/1.1" 200 80404
::1 - - [04/Jun/2017:02:57:04 -0700] "GET / HTTP/1.1" 200 80168
::1 - - [04/Jun/2017:03:01:33 -0700] "GET / HTTP/1.1" 200 80403
::1 - - [04/Jun/2017:03:03:33 -0700] "GET / HTTP/1.1" 200 80404
::1 - - [04/Jun/2017:03:06:52 -0700] "GET / HTTP/1.1" 200 80404
::1 - - [04/Jun/2017:03:06:56 -0700] "GET / HTTP/1.1" 200 80404
::1 - - [04/Jun/2017:03:07:08 -0700] "GET / HTTP/1.1" 200 80168
::1 - - [04/Jun/2017:03:09:40 -0700] "GET / HTTP/1.1" 200 80404
::1 - - [04/Jun/2017:03:10:14 -0700] "GET / HTTP/1.1" 200 80168
::1 - - [04/Jun/2017:03:11:19 -0700] "GET / HTTP/1.1" 200 80378
::1 - - [04/Jun/2017:03:11:24 -0700] "GET /favicon.ico HTTP/1.1" 404 209
::1 - - [04/Jun/2017:03:15:35 -0700] "GET / HTTP/1.1" 200 617
::1 - - [04/Jun/2017:03:15:35 -0700] "GET /stop.js HTTP/1.1" 200 486
::1 - - [04/Jun/2017:03:15:35 -0700] "GET /mixin.js HTTP/1.1" 200 977
::1 - - [04/Jun/2017:03:15:35 -0700] "GET /custom.js HTTP/1.1" 200 3291
::1 - - [04/Jun/2017:03:15:35 -0700] "GET /PTQuery.js HTTP/1.1" 200 1212
::1 - - [04/Jun/2017:03:15:35 -0700] "GET /GoodPart/Singleton-Mega.js HTTP/1.1" 200 17529
::1 - - [04/Jun/2017:03:17:35 -0700] "GET / HTTP/1.1" 304 -
::1 - - [04/Jun/2017:03:19:07 -0700] "GET / HTTP/1.1" 200 90720
::1 - - [04/Jun/2017:03:22:32 -0700] "GET / HTTP/1.1" 200 90116
::1 - - [04/Jun/2017:03:22:56 -0700] "GET / HTTP/1.1" 200 2265
::1 - - [04/Jun/2017:03:23:42 -0700] "GET / HTTP/1.1" 200 617
::1 - - [04/Jun/2017:03:24:00 -0700] "GET / HTTP/1.1" 304 -
::1 - - [04/Jun/2017:03:25:27 -0700] "GET / HTTP/1.1" 304 -
::1 - - [04/Jun/2017:03:27:55 -0700] "GET / HTTP/1.1" 304 -
::1 - - [04/Jun/2017:03:28:28 -0700] "GET / HTTP/1.1" 304 -
::1 - - [04/Jun/2017:03:29:09 -0700] "GET / HTTP/1.1" 200 90720
::1 - - [04/Jun/2017:03:29:31 -0700] "GET / HTTP/1.1" 200 90116
::1 - - [04/Jun/2017:03:34:54 -0700] "GET / HTTP/1.1" 200 2277
::1 - - [04/Jun/2017:03:36:18 -0700] "GET / HTTP/1.1" 200 617
::1 - - [04/Jun/2017:03:36:47 -0700] "GET / HTTP/1.1" 200 90720
::1 - - [04/Jun/2017:05:14:52 -0700] "GET / HTTP/1.1" 200 89669
::1 - - [04/Jun/2017:05:14:53 -0700] "GET /favicon.ico HTTP/1.1" 404 209
::1 - - [04/Jun/2017:07:46:41 -0700] "GET / HTTP/1.1" 200 89472
::1 - - [04/Jun/2017:07:47:42 -0700] "-" 408 -
::1 - - [04/Jun/2017:08:14:20 -0700] "GET / HTTP/1.1" 200 89471
::1 - - [04/Jun/2017:08:14:27 -0700] "GET /Apache HTTP/1.1" 301 232
::1 - - [04/Jun/2017:08:14:27 -0700] "GET /Apache/ HTTP/1.1" 200 468
::1 - - [04/Jun/2017:08:14:33 -0700] "GET /Apache/phpMyAdmin-4.7.1-all-languages/ HTTP/1.1" 200 557
::1 - - [04/Jun/2017:08:15:13 -0700] "GET /Apache/phpMyAdmin-4.7.1-all-languages/phpMyAdmin-4.7.1-all-languages/ HTTP/1.1" 200 3239
::1 - - [04/Jun/2017:08:15:14 -0700] "GET /Apache/phpMyAdmin-4.7.1-all-languages/phpMyAdmin-4.7.1-all-languages/themes/pmahomme/jquery/jquery-ui.css HTTP/1.1" 200 36566
::1 - - [04/Jun/2017:08:15:14 -0700] "GET /Apache/phpMyAdmin-4.7.1-all-languages/phpMyAdmin-4.7.1-all-languages/js/codemirror/lib/codemirror.css?v=4.7.1 HTTP/1.1" 200 8132
::1 - - [04/Jun/2017:08:15:14 -0700] "GET /Apache/phpMyAdmin-4.7.1-all-languages/phpMyAdmin-4.7.1-all-languages/js/codemirror/addon/hint/show-hint.css?v=4.7.1 HTTP/1.1" 200 623
::1 - - [04/Jun/2017:08:15:14 -0700] "GET /Apache/phpMyAdmin-4.7.1-all-languages/phpMyAdmin-4.7.1-all-languages/js/codemirror/addon/lint/lint.css?v=4.7.1 HTTP/1.1" 200 2999
::1 - - [04/Jun/2017:08:15:14 -0700] "GET /Apache/phpMyAdmin-4.7.1-all-languages/phpMyAdmin-4.7.1-all-languages/themes/pmahomme/css/printview.css?v=4.7.1 HTTP/1.1" 200 2746
::1 - - [04/Jun/2017:08:15:14 -0700] "GET /Apache/phpMyAdmin-4.7.1-all-languages/phpMyAdmin-4.7.1-all-languages/phpmyadmin.css.php?nocache=4488220629ltr HTTP/1.1" 200 20155
::1 - - [04/Jun/2017:08:15:14 -0700] "GET /Apache/phpMyAdmin-4.7.1-all-languages/phpMyAdmin-4.7.1-all-languages/js/get_scripts.js.php?scripts%5B%5D=jquery/jquery.min.js&scripts%5B%5D=jquery/jquery-migrate-3.0.0.js&scripts%5B%5D=sprintf.js&scripts%5B%5D=ajax.js&scripts%5B%5D=keyhandler.js&scripts%5B%5D=jquery/jquery-ui.min.js&scripts%5B%5D=jquery/jquery.cookie.js&scripts%5B%5D=jquery/jquery.mousewheel.js&scripts%5B%5D=jquery/jquery.event.drag-2.2.js&scripts%5B%5D=jquery/jquery-ui-timepicker-addon.js&v=4.7.1 HTTP/1.1" 200 138731
::1 - - [04/Jun/2017:08:15:14 -0700] "GET /Apache/phpMyAdmin-4.7.1-all-languages/phpMyAdmin-4.7.1-all-languages/js/get_scripts.js.php?scripts%5B%5D=jquery/jquery.ba-hashchange-1.3.js&scripts%5B%5D=jquery/jquery.debounce-1.0.5.js&scripts%5B%5D=menu-resizer.js&scripts%5B%5D=cross_framing_protection.js&scripts%5B%5D=rte.js&scripts%5B%5D=tracekit/tracekit.js&scripts%5B%5D=error_report.js&scripts%5B%5D=config.js&scripts%5B%5D=doclinks.js&scripts%5B%5D=functions.js&v=4.7.1 HTTP/1.1" 200 77857
::1 - - [04/Jun/2017:08:15:15 -0700] "GET /Apache/phpMyAdmin-4.7.1-all-languages/phpMyAdmin-4.7.1-all-languages/themes/pmahomme/img/logo_right.png HTTP/1.1" 200 4802
::1 - - [04/Jun/2017:08:15:14 -0700] "GET /Apache/phpMyAdmin-4.7.1-all-languages/phpMyAdmin-4.7.1-all-languages/js/get_scripts.js.php?scripts%5B%5D=navigation.js&scripts%5B%5D=indexes.js&scripts%5B%5D=common.js&scripts%5B%5D=page_settings.js&scripts%5B%5D=shortcuts_handler.js&scripts%5B%5D=codemirror/lib/codemirror.js&scripts%5B%5D=codemirror/mode/sql/sql.js&scripts%5B%5D=codemirror/addon/runmode/runmode.js&scripts%5B%5D=codemirror/addon/hint/show-hint.js&scripts%5B%5D=codemirror/addon/hint/sql-hint.js&v=4.7.1 HTTP/1.1" 200 135447
::1 - - [04/Jun/2017:08:15:14 -0700] "GET /Apache/phpMyAdmin-4.7.1-all-languages/phpMyAdmin-4.7.1-all-languages/js/get_scripts.js.php?scripts%5B%5D=codemirror/addon/lint/lint.js&scripts%5B%5D=codemirror/addon/lint/sql-lint.js&scripts%5B%5D=console.js&v=4.7.1 HTTP/1.1" 200 13114
::1 - - [04/Jun/2017:08:15:15 -0700] "GET /Apache/phpMyAdmin-4.7.1-all-languages/phpMyAdmin-4.7.1-all-languages/themes/dot.gif HTTP/1.1" 200 43
::1 - - [04/Jun/2017:08:15:15 -0700] "GET /Apache/phpMyAdmin-4.7.1-all-languages/phpMyAdmin-4.7.1-all-languages/js/whitelist.php?lang=en&db=&collation_connection=utf8mb4_unicode_ci&v=4.7.1 HTTP/1.1" 200 475
::1 - - [04/Jun/2017:08:15:15 -0700] "GET /Apache/phpMyAdmin-4.7.1-all-languages/phpMyAdmin-4.7.1-all-languages/js/messages.php?lang=en&db=&collation_connection=utf8mb4_unicode_ci&v=4.7.1 HTTP/1.1" 200 8625
::1 - - [04/Jun/2017:08:15:15 -0700] "GET /Apache/phpMyAdmin-4.7.1-all-languages/phpMyAdmin-4.7.1-all-languages/js/get_image.js.php?theme=pmahomme&v=4.7.1 HTTP/1.1" 200 1841
::1 - - [04/Jun/2017:08:15:16 -0700] "GET /Apache/phpMyAdmin-4.7.1-all-languages/phpMyAdmin-4.7.1-all-languages/themes/pmahomme/img/sprites.png?v=4.7.1 HTTP/1.1" 200 15764
::1 - - [04/Jun/2017:08:15:46 -0700] "POST /Apache/phpMyAdmin-4.7.1-all-languages/phpMyAdmin-4.7.1-all-languages/index.php HTTP/1.1" 200 3370
::1 - - [04/Jun/2017:08:15:48 -0700] "GET /Apache/phpMyAdmin-4.7.1-all-languages/phpMyAdmin-4.7.1-all-languages/js/whitelist.php?lang=en&db=&v=4.7.1 HTTP/1.1" 200 475
::1 - - [04/Jun/2017:08:15:48 -0700] "GET /Apache/phpMyAdmin-4.7.1-all-languages/phpMyAdmin-4.7.1-all-languages/js/messages.php?lang=en&db=&v=4.7.1 HTTP/1.1" 200 8625
::1 - - [04/Jun/2017:08:16:27 -0700] "POST /Apache/phpMyAdmin-4.7.1-all-languages/phpMyAdmin-4.7.1-all-languages/index.php HTTP/1.1" 200 3376
::1 - - [04/Jun/2017:08:16:44 -0700] "GET /Apache/phpMyAdmin-4.7.1-all-languages/phpMyAdmin-4.7.1-all-languages/doc/html/index.html HTTP/1.1" 200 13852
::1 - - [04/Jun/2017:08:16:44 -0700] "GET /Apache/phpMyAdmin-4.7.1-all-languages/phpMyAdmin-4.7.1-all-languages/doc/html/_static/classic.css HTTP/1.1" 200 4146
::1 - - [04/Jun/2017:08:16:44 -0700] "GET /Apache/phpMyAdmin-4.7.1-all-languages/phpMyAdmin-4.7.1-all-languages/doc/html/_static/pygments.css HTTP/1.1" 200 3991
::1 - - [04/Jun/2017:08:16:44 -0700] "GET /Apache/phpMyAdmin-4.7.1-all-languages/phpMyAdmin-4.7.1-all-languages/doc/html/_static/jquery.js HTTP/1.1" 200 284394
::1 - - [04/Jun/2017:08:16:44 -0700] "GET /Apache/phpMyAdmin-4.7.1-all-languages/phpMyAdmin-4.7.1-all-languages/doc/html/_static/underscore.js HTTP/1.1" 200 47559
::1 - - [04/Jun/2017:08:16:44 -0700] "GET /Apache/phpMyAdmin-4.7.1-all-languages/phpMyAdmin-4.7.1-all-languages/doc/html/_static/doctools.js HTTP/1.1" 200 8166
::1 - - [04/Jun/2017:08:16:44 -0700] "GET /Apache/phpMyAdmin-4.7.1-all-languages/phpMyAdmin-4.7.1-all-languages/doc/html/_static/basic.css HTTP/1.1" 200 9740
::1 - - [04/Jun/2017:08:18:06 -0700] "POST /Apache/phpMyAdmin-4.7.1-all-languages/phpMyAdmin-4.7.1-all-languages/index.php HTTP/1.1" 200 3264
::1 - - [04/Jun/2017:08:18:20 -0700] "POST /Apache/phpMyAdmin-4.7.1-all-languages/phpMyAdmin-4.7.1-all-languages/index.php HTTP/1.1" 200 3375
::1 - - [04/Jun/2017:08:18:54 -0700] "POST /Apache/phpMyAdmin-4.7.1-all-languages/phpMyAdmin-4.7.1-all-languages/index.php HTTP/1.1" 200 3377
::1 - - [04/Jun/2017:08:20:28 -0700] "GET /Apache/phpMyAdmin-4.7.1-all-languages/phpMyAdmin-4.7.1-all-languages/index.php HTTP/1.1" 200 3209
::1 - - [04/Jun/2017:08:20:29 -0700] "GET /Apache/phpMyAdmin-4.7.1-all-languages/phpMyAdmin-4.7.1-all-languages/themes/pmahomme/jquery/jquery-ui.css HTTP/1.1" 304 -
::1 - - [04/Jun/2017:08:20:29 -0700] "GET /Apache/phpMyAdmin-4.7.1-all-languages/phpMyAdmin-4.7.1-all-languages/js/codemirror/lib/codemirror.css?v=4.7.1 HTTP/1.1" 304 -
::1 - - [04/Jun/2017:08:20:29 -0700] "GET /Apache/phpMyAdmin-4.7.1-all-languages/phpMyAdmin-4.7.1-all-languages/js/codemirror/addon/hint/show-hint.css?v=4.7.1 HTTP/1.1" 304 -
::1 - - [04/Jun/2017:08:20:29 -0700] "GET /Apache/phpMyAdmin-4.7.1-all-languages/phpMyAdmin-4.7.1-all-languages/js/codemirror/addon/lint/lint.css?v=4.7.1 HTTP/1.1" 304 -
::1 - - [04/Jun/2017:08:20:29 -0700] "GET /Apache/phpMyAdmin-4.7.1-all-languages/phpMyAdmin-4.7.1-all-languages/phpmyadmin.css.php?nocache=4488220629ltr HTTP/1.1" 200 20155
::1 - - [04/Jun/2017:08:20:29 -0700] "GET /Apache/phpMyAdmin-4.7.1-all-languages/phpMyAdmin-4.7.1-all-languages/themes/pmahomme/css/printview.css?v=4.7.1 HTTP/1.1" 304 -
::1 - - [04/Jun/2017:08:20:29 -0700] "GET /Apache/phpMyAdmin-4.7.1-all-languages/phpMyAdmin-4.7.1-all-languages/js/get_scripts.js.php?scripts%5B%5D=jquery/jquery.min.js&scripts%5B%5D=jquery/jquery-migrate-3.0.0.js&scripts%5B%5D=sprintf.js&scripts%5B%5D=ajax.js&scripts%5B%5D=keyhandler.js&scripts%5B%5D=jquery/jquery-ui.min.js&scripts%5B%5D=jquery/jquery.cookie.js&scripts%5B%5D=jquery/jquery.mousewheel.js&scripts%5B%5D=jquery/jquery.event.drag-2.2.js&scripts%5B%5D=jquery/jquery-ui-timepicker-addon.js&v=4.7.1 HTTP/1.1" 200 138731
::1 - - [04/Jun/2017:08:20:29 -0700] "GET /Apache/phpMyAdmin-4.7.1-all-languages/phpMyAdmin-4.7.1-all-languages/js/get_scripts.js.php?scripts%5B%5D=jquery/jquery.ba-hashchange-1.3.js&scripts%5B%5D=jquery/jquery.debounce-1.0.5.js&scripts%5B%5D=menu-resizer.js&scripts%5B%5D=cross_framing_protection.js&scripts%5B%5D=rte.js&scripts%5B%5D=tracekit/tracekit.js&scripts%5B%5D=error_report.js&scripts%5B%5D=config.js&scripts%5B%5D=doclinks.js&scripts%5B%5D=functions.js&v=4.7.1 HTTP/1.1" 200 77857
::1 - - [04/Jun/2017:08:20:29 -0700] "GET /Apache/phpMyAdmin-4.7.1-all-languages/phpMyAdmin-4.7.1-all-languages/js/get_scripts.js.php?scripts%5B%5D=navigation.js&scripts%5B%5D=indexes.js&scripts%5B%5D=common.js&scripts%5B%5D=page_settings.js&scripts%5B%5D=shortcuts_handler.js&scripts%5B%5D=codemirror/lib/codemirror.js&scripts%5B%5D=codemirror/mode/sql/sql.js&scripts%5B%5D=codemirror/addon/runmode/runmode.js&scripts%5B%5D=codemirror/addon/hint/show-hint.js&scripts%5B%5D=codemirror/addon/hint/sql-hint.js&v=4.7.1 HTTP/1.1" 200 135447
::1 - - [04/Jun/2017:08:20:30 -0700] "GET /Apache/phpMyAdmin-4.7.1-all-languages/phpMyAdmin-4.7.1-all-languages/js/get_scripts.js.php?scripts%5B%5D=codemirror/addon/lint/lint.js&scripts%5B%5D=codemirror/addon/lint/sql-lint.js&scripts%5B%5D=console.js&v=4.7.1 HTTP/1.1" 200 13114
::1 - - [04/Jun/2017:08:20:30 -0700] "GET /Apache/phpMyAdmin-4.7.1-all-languages/phpMyAdmin-4.7.1-all-languages/js/whitelist.php?lang=en&db=&v=4.7.1 HTTP/1.1" 200 475
::1 - - [04/Jun/2017:08:20:30 -0700] "GET /Apache/phpMyAdmin-4.7.1-all-languages/phpMyAdmin-4.7.1-all-languages/js/messages.php?lang=en&db=&v=4.7.1 HTTP/1.1" 200 8625
::1 - - [04/Jun/2017:08:20:30 -0700] "GET /Apache/phpMyAdmin-4.7.1-all-languages/phpMyAdmin-4.7.1-all-languages/js/get_image.js.php?theme=pmahomme&v=4.7.1 HTTP/1.1" 200 1841
::1 - - [04/Jun/2017:08:20:30 -0700] "GET /Apache/phpMyAdmin-4.7.1-all-languages/phpMyAdmin-4.7.1-all-languages/themes/pmahomme/img/logo_right.png HTTP/1.1" 304 -
::1 - - [04/Jun/2017:08:20:30 -0700] "GET /Apache/phpMyAdmin-4.7.1-all-languages/phpMyAdmin-4.7.1-all-languages/themes/dot.gif HTTP/1.1" 304 -
::1 - - [04/Jun/2017:08:20:30 -0700] "GET /Apache/phpMyAdmin-4.7.1-all-languages/phpMyAdmin-4.7.1-all-languages/themes/pmahomme/img/sprites.png?v=4.7.1 HTTP/1.1" 304 -
::1 - - [04/Jun/2017:08:21:26 -0700] "GET /Apache/phpMyAdmin-4.7.1-all-languages/phpMyAdmin-4.7.1-all-languages/setup HTTP/1.1" 301 300
::1 - - [04/Jun/2017:08:21:26 -0700] "GET /Apache/phpMyAdmin-4.7.1-all-languages/phpMyAdmin-4.7.1-all-languages/setup/ HTTP/1.1" 500 927
::1 - - [04/Jun/2017:08:22:27 -0700] "-" 408 -
::1 - - [04/Jun/2017:08:35:00 -0700] "GET /Apache/phpMyAdmin-4.7.1-all-languages/phpMyAdmin-4.7.1-all-languages/doc/html/config.html HTTP/1.1" 200 336783
::1 - - [04/Jun/2017:08:35:02 -0700] "GET /favicon.ico HTTP/1.1" 404 209
::1 - - [04/Jun/2017:08:36:01 -0700] "-" 408 -
192.168.43.217 - - [04/Jun/2017:08:43:32 -0700] "GET / HTTP/1.1" 200 88438
192.168.43.217 - - [04/Jun/2017:08:43:32 -0700] "GET /HNAP1/ HTTP/1.1" 404 204
fe80::501a:d1c0:48ef:935f - - [04/Jun/2017:08:43:32 -0700] "GET / HTTP/1.1" 200 88616
fe80::501a:d1c0:48ef:935f - - [04/Jun/2017:08:43:32 -0700] "GET /HNAP1/ HTTP/1.1" 400 347
192.168.43.217 - - [04/Jun/2017:09:58:59 -0700] "GET / HTTP/1.1" 200 88438
fe80::501a:d1c0:48ef:935f - - [04/Jun/2017:09:59:00 -0700] "GET / HTTP/1.1" 200 88617
::1 - - [04/Jun/2017:19:03:44 -0700] "GET / HTTP/1.1" 200 89721
::1 - - [04/Jun/2017:19:03:50 -0700] "GET /favicon.ico HTTP/1.1" 404 209
::1 - - [04/Jun/2017:19:04:05 -0700] "GET /Commit HTTP/1.1" 301 232
::1 - - [04/Jun/2017:19:04:05 -0700] "GET /Commit/ HTTP/1.1" 200 3004
::1 - - [04/Jun/2017:19:04:28 -0700] "GET /Commit/phpmyadmin/ HTTP/1.1" 200 6033
::1 - - [04/Jun/2017:19:05:14 -0700] "GET /Commit/phpmyadmin/setup/ HTTP/1.1" 200 7153
::1 - - [04/Jun/2017:19:05:19 -0700] "GET /Commit/phpmyadmin/setup/styles.css HTTP/1.1" 200 11125
::1 - - [04/Jun/2017:19:05:19 -0700] "GET /Commit/phpmyadmin/setup/scripts.js HTTP/1.1" 200 5354
::1 - - [04/Jun/2017:19:05:19 -0700] "GET /Commit/phpmyadmin/favicon.ico HTTP/1.1" 200 18902
::1 - - [04/Jun/2017:19:05:20 -0700] "GET /Commit/phpmyadmin/js/jquery/jquery.json-2.4.js HTTP/1.1" 200 5230
::1 - - [04/Jun/2017:19:05:20 -0700] "GET /Commit/phpmyadmin/js/config.js HTTP/1.1" 200 23860
::1 - - [04/Jun/2017:19:05:19 -0700] "GET /Commit/phpmyadmin/setup/ajax.js HTTP/1.1" 200 248
::1 - - [04/Jun/2017:19:05:19 -0700] "GET /Commit/phpmyadmin/js/jquery/jquery-1.8.3.min.js HTTP/1.1" 200 93637
::1 - - [04/Jun/2017:19:05:19 -0700] "GET /Commit/phpmyadmin/js/jquery/jquery-ui-1.9.2.custom.min.js HTTP/1.1" 200 237798
::1 - - [04/Jun/2017:19:05:20 -0700] "GET /Commit/phpmyadmin/themes/original/img/b_help.png HTTP/1.1" 404 246
::1 - - [04/Jun/2017:19:05:20 -0700] "GET /Commit/phpmyadmin/themes/original/img/b_info.png HTTP/1.1" 404 246
::1 - - [04/Jun/2017:19:05:21 -0700] "GET /Commit/phpmyadmin/themes/original/img/b_help.png HTTP/1.1" 404 246
::1 - - [04/Jun/2017:19:05:21 -0700] "GET /Commit/phpmyadmin/themes/original/img/b_info.png HTTP/1.1" 404 246
::1 - - [04/Jun/2017:19:05:21 -0700] "GET /Commit/phpmyadmin/themes/pmahomme/img/left_nav_bg.png HTTP/1.1" 404 251
::1 - - [04/Jun/2017:19:05:21 -0700] "GET /Commit/phpmyadmin/themes/pmahomme/img/s_error.png HTTP/1.1" 404 247
::1 - - [04/Jun/2017:19:05:21 -0700] "GET /Commit/phpmyadmin/themes/pmahomme/img/s_notice.png HTTP/1.1" 404 248
::1 - - [04/Jun/2017:19:06:38 -0700] "GET /Commit/phpmyadmin/setup/index.php?tab_hash=&check_page_refresh=1&lang=en&collation_connection=utf8_general_ci&token=737d213c670e993850d4feb8b4e2dba7&page=servers&mode=add&submit=New+server HTTP/1.1" 200 49029
::1 - - [04/Jun/2017:19:06:49 -0700] "GET /Commit/phpmyadmin/themes/original/img/b_help.png HTTP/1.1" 404 246
::1 - - [04/Jun/2017:19:06:49 -0700] "GET /Commit/phpmyadmin/themes/original/img/b_edit.png HTTP/1.1" 404 246
::1 - - [04/Jun/2017:19:06:49 -0700] "GET /Commit/phpmyadmin/themes/original/img/b_info.png HTTP/1.1" 404 246
::1 - - [04/Jun/2017:19:06:49 -0700] "GET /Commit/phpmyadmin/themes/original/img/s_reload.png HTTP/1.1" 404 248
::1 - - [04/Jun/2017:19:06:49 -0700] "GET /Commit/phpmyadmin/themes/original/img/b_help.png HTTP/1.1" 404 246
::1 - - [04/Jun/2017:19:06:49 -0700] "GET /Commit/phpmyadmin/themes/original/img/b_info.png HTTP/1.1" 404 246
::1 - - [04/Jun/2017:19:06:49 -0700] "GET /Commit/phpmyadmin/themes/original/img/s_reload.png HTTP/1.1" 404 248
::1 - - [04/Jun/2017:19:06:49 -0700] "GET /Commit/phpmyadmin/themes/original/img/b_edit.png HTTP/1.1" 404 246
::1 - - [04/Jun/2017:19:06:49 -0700] "GET /Commit/phpmyadmin/themes/pmahomme/img/left_nav_bg.png HTTP/1.1" 404 251
::1 - - [04/Jun/2017:19:33:14 -0700] "GET /Commit/phpmyadmin/setup/index.php?page=form&formset=Sql_queries HTTP/1.1" 200 20913
::1 - - [04/Jun/2017:19:33:16 -0700] "GET /Commit/phpmyadmin/themes/original/img/b_tblops.png HTTP/1.1" 404 248
::1 - - [04/Jun/2017:19:33:16 -0700] "GET /Commit/phpmyadmin/themes/original/img/b_help.png HTTP/1.1" 404 246
::1 - - [04/Jun/2017:19:33:16 -0700] "GET /Commit/phpmyadmin/themes/original/img/b_info.png HTTP/1.1" 404 246
::1 - - [04/Jun/2017:19:33:16 -0700] "GET /Commit/phpmyadmin/themes/original/img/s_reload.png HTTP/1.1" 404 248
::1 - - [04/Jun/2017:19:33:16 -0700] "GET /Commit/phpmyadmin/themes/original/img/b_help.png HTTP/1.1" 404 246
::1 - - [04/Jun/2017:19:33:16 -0700] "GET /Commit/phpmyadmin/themes/original/img/b_tblops.png HTTP/1.1" 404 248
::1 - - [04/Jun/2017:19:33:16 -0700] "GET /Commit/phpmyadmin/themes/pmahomme/img/left_nav_bg.png HTTP/1.1" 404 251
::1 - - [04/Jun/2017:19:33:30 -0700] "GET /Commit/phpmyadmin/setup/index.php?page=form&formset=Main_panel HTTP/1.1" 200 48214
::1 - - [04/Jun/2017:19:33:31 -0700] "GET /Commit/phpmyadmin/themes/original/img/b_help.png HTTP/1.1" 404 246
::1 - - [04/Jun/2017:19:33:31 -0700] "GET /Commit/phpmyadmin/themes/original/img/b_info.png HTTP/1.1" 404 246
::1 - - [04/Jun/2017:19:33:31 -0700] "GET /Commit/phpmyadmin/themes/original/img/s_reload.png HTTP/1.1" 404 248
::1 - - [04/Jun/2017:19:33:31 -0700] "GET /Commit/phpmyadmin/themes/original/img/b_help.png HTTP/1.1" 404 246
::1 - - [04/Jun/2017:19:33:31 -0700] "GET /Commit/phpmyadmin/themes/original/img/b_info.png HTTP/1.1" 404 246
::1 - - [04/Jun/2017:19:33:31 -0700] "GET /Commit/phpmyadmin/themes/pmahomme/img/left_nav_bg.png HTTP/1.1" 404 251
::1 - - [04/Jun/2017:19:33:51 -0700] "GET /Commit/phpmyadmin/setup/index.php?page=form&formset=Sql_queries HTTP/1.1" 200 20913
::1 - - [04/Jun/2017:19:35:02 -0700] "GET /Commit/phpmyadmin/ HTTP/1.1" 200 6033
::1 - - [04/Jun/2017:19:35:07 -0700] "GET /Commit/phpmyadmin/index0.php HTTP/1.1" 200 6034
::1 - - [04/Jun/2017:19:35:08 -0700] "GET /Commit/phpmyadmin/themes/pmahomme/jquery/jquery-ui-1.9.2.custom.css HTTP/1.1" 200 32278
::1 - - [04/Jun/2017:19:35:08 -0700] "GET /Commit/phpmyadmin/js/get_image.js.php?theme=pmahomme HTTP/1.1" 200 6263
::1 - - [04/Jun/2017:19:35:08 -0700] "GET /Commit/phpmyadmin/phpmyadmin.css.php?server=1&lang=en&collation_connection=utf8_general_ci&token=423a52493b7801f0e64217a50d3cd738&nocache=4474482818ltr HTTP/1.1" 200 88759
::1 - - [04/Jun/2017:19:35:08 -0700] "GET /Commit/phpmyadmin/js/messages.php?lang=en&db=&server=0&collation_connection=utf8_general_ci&token=b488ee38ee91b95d0974faa70c9315c5 HTTP/1.1" 200 16672
::1 - - [04/Jun/2017:19:35:08 -0700] "GET /Commit/phpmyadmin/js/get_scripts.js.php?scripts[]=jquery/jquery-1.8.3.min.js&scripts[]=ajax.js&scripts[]=keyhandler.js&scripts[]=jquery/jquery-ui-1.9.2.custom.min.js&scripts[]=jquery/jquery.sprintf.js&scripts[]=jquery/jquery.cookie.js&scripts[]=jquery/jquery.mousewheel.js&scripts[]=jquery/jquery.event.drag-2.2.js&scripts[]=jquery/jquery-ui-timepicker-addon.js&scripts[]=jquery/jquery.ba-hashchange-1.3.js&scripts[]=jquery/jquery.debounce-1.0.5.js&scripts[]=jquery/jquery.menuResizer-1.0.js&scripts[]=cross_framing_protection.js&scripts[]=rte.js&scripts[]=functions.js&scripts[]=navigation.js&scripts[]=indexes.js&scripts[]=common.js&scripts[]=codemirror/lib/codemirror.js&scripts[]=codemirror/mode/mysql/mysql.js HTTP/1.1" 200 823667
::1 - - [04/Jun/2017:19:35:09 -0700] "GET /Commit/phpmyadmin/themes/pmahomme/img/pma_logo.png HTTP/1.1" 404 248
::1 - - [04/Jun/2017:19:35:10 -0700] "GET /Commit/phpmyadmin/themes/dot.gif HTTP/1.1" 404 230
::1 - - [04/Jun/2017:19:35:10 -0700] "GET /Commit/phpmyadmin/themes/pmahomme/img/pma_logo.png HTTP/1.1" 404 248
::1 - - [04/Jun/2017:19:35:10 -0700] "GET /Commit/phpmyadmin/themes/dot.gif HTTP/1.1" 404 230
::1 - - [04/Jun/2017:19:35:10 -0700] "GET /Commit/phpmyadmin/themes/pmahomme/img/sprites.png HTTP/1.1" 404 247
::1 - - [04/Jun/2017:19:36:02 -0700] "POST /Commit/phpmyadmin/index.php HTTP/1.1" 404 225
::1 - - [04/Jun/2017:19:36:24 -0700] "GET /Commit/phpmyadmin/index0.php HTTP/1.1" 200 5559
::1 - - [04/Jun/2017:19:36:24 -0700] "GET /Commit/phpmyadmin/phpmyadmin.css.php?server=1&token=1fe31a61e4af1c34f5885bc4d7edb02b&nocache=4474482818ltr HTTP/1.1" 200 88759
::1 - - [04/Jun/2017:19:36:24 -0700] "GET /Commit/phpmyadmin/js/messages.php?lang=en&db=&server=0&token=423a52493b7801f0e64217a50d3cd738 HTTP/1.1" 200 16672
fe80::501a:d1c0:48ef:935f - - [05/Jun/2017:14:31:13 -0700] "GET / HTTP/1.1" 200 88698
192.168.43.217 - - [05/Jun/2017:14:31:12 -0700] "GET / HTTP/1.1" 200 88519
::1 - - [05/Jun/2017:14:49:03 -0700] "GET /phpmyadmin/setup HTTP/1.1" 301 242
::1 - - [05/Jun/2017:14:49:04 -0700] "GET /phpmyadmin/setup/ HTTP/1.1" 200 298
::1 - - [05/Jun/2017:14:49:05 -0700] "GET /favicon.ico HTTP/1.1" 404 209
::1 - - [05/Jun/2017:14:49:59 -0700] "GET / HTTP/1.1" 200 89802
::1 - - [05/Jun/2017:14:50:05 -0700] "GET /phpmyadmin/ HTTP/1.1" 200 498
::1 - - [05/Jun/2017:14:50:10 -0700] "GET /phpmyadmin/setup/ HTTP/1.1" 200 298
::1 - - [05/Jun/2017:14:50:17 -0700] "GET /phpmyadmin/libraries/ HTTP/1.1" 200 4889
::1 - - [05/Jun/2017:14:50:22 -0700] "GET /phpmyadmin/ HTTP/1.1" 200 498
::1 - - [05/Jun/2017:14:50:25 -0700] "GET /phpmyadmin/themes/ HTTP/1.1" 200 451
::1 - - [05/Jun/2017:14:50:29 -0700] "GET /phpmyadmin/themes/original/ HTTP/1.1" 200 542
::1 - - [05/Jun/2017:14:50:42 -0700] "GET /phpmyadmin/themes/original/layout.inc.php HTTP/1.1" 200 -
::1 - - [05/Jun/2017:14:50:57 -0700] "GET /phpmyadmin/setup/ HTTP/1.1" 200 298
::1 - - [05/Jun/2017:16:06:14 -0700] "GET /phpmyadmin/setup/ HTTP/1.1" 404 215
::1 - - [05/Jun/2017:16:07:27 -0700] "GET /phpmyadmin/setup/ HTTP/1.1" 500 927
::1 - - [05/Jun/2017:16:07:34 -0700] "GET /phpmyadmin/setup/favicon.ico HTTP/1.1" 404 226
::1 - - [05/Jun/2017:16:07:34 -0700] "GET /phpmyadmin/setup/favicon.ico HTTP/1.1" 404 226
::1 - - [05/Jun/2017:16:19:35 -0700] "GET /phpmyadmin/setup/ HTTP/1.1" 500 927
::1 - - [05/Jun/2017:17:19:38 -0700] "GET /phpmyadmin/setup/ HTTP/1.1" 500 927
::1 - - [05/Jun/2017:17:20:25 -0700] "GET /phpmyadmin/setup/ HTTP/1.1" 200 10265
::1 - - [05/Jun/2017:17:20:27 -0700] "GET /phpmyadmin/setup/styles.css HTTP/1.1" 200 10534
::1 - - [05/Jun/2017:17:20:29 -0700] "GET /phpmyadmin/js/messages.php HTTP/1.1" 200 8625
::1 - - [05/Jun/2017:17:20:31 -0700] "GET /phpmyadmin/favicon.ico HTTP/1.1" 200 22486
::1 - - [05/Jun/2017:17:20:28 -0700] "GET /phpmyadmin/setup/ajax.js HTTP/1.1" 200 248
::1 - - [05/Jun/2017:17:20:28 -0700] "GET /phpmyadmin/setup/scripts.js HTTP/1.1" 200 5815
::1 - - [05/Jun/2017:17:20:28 -0700] "GET /phpmyadmin/js/jquery/jquery.min.js HTTP/1.1" 200 86709
::1 - - [05/Jun/2017:17:20:28 -0700] "GET /phpmyadmin/js/config.js HTTP/1.1" 200 26876
::1 - - [05/Jun/2017:17:20:28 -0700] "GET /phpmyadmin/js/jquery/jquery-ui.min.js HTTP/1.1" 200 253681
::1 - - [05/Jun/2017:17:20:33 -0700] "GET /phpmyadmin/themes/original/img/b_help.png HTTP/1.1" 200 145
::1 - - [05/Jun/2017:17:20:34 -0700] "GET /phpmyadmin/themes/pmahomme/img/left_nav_bg.png HTTP/1.1" 200 257
::1 - - [05/Jun/2017:17:20:34 -0700] "GET /phpmyadmin/themes/pmahomme/img/s_notice.png HTTP/1.1" 200 629
::1 - - [05/Jun/2017:17:57:51 -0700] "GET /phpmyadmin HTTP/1.1" 301 236
::1 - - [05/Jun/2017:17:57:51 -0700] "GET /phpmyadmin/ HTTP/1.1" 200 3254
::1 - - [05/Jun/2017:17:57:54 -0700] "GET /phpmyadmin/themes/pmahomme/jquery/jquery-ui.css HTTP/1.1" 200 36566
::1 - - [05/Jun/2017:17:57:54 -0700] "GET /phpmyadmin/js/codemirror/addon/hint/show-hint.css?v=4.7.1 HTTP/1.1" 200 623
::1 - - [05/Jun/2017:17:57:55 -0700] "GET /phpmyadmin/js/codemirror/addon/lint/lint.css?v=4.7.1 HTTP/1.1" 200 2999
::1 - - [05/Jun/2017:17:57:54 -0700] "GET /phpmyadmin/js/codemirror/lib/codemirror.css?v=4.7.1 HTTP/1.1" 200 8132
::1 - - [05/Jun/2017:17:57:55 -0700] "GET /phpmyadmin/themes/pmahomme/css/printview.css?v=4.7.1 HTTP/1.1" 200 2746
::1 - - [05/Jun/2017:17:57:55 -0700] "GET /phpmyadmin/phpmyadmin.css.php?nocache=2991631976ltr HTTP/1.1" 200 20155
::1 - - [05/Jun/2017:17:57:55 -0700] "GET /phpmyadmin/js/get_scripts.js.php?scripts%5B%5D=jquery/jquery.min.js&scripts%5B%5D=jquery/jquery-migrate-3.0.0.js&scripts%5B%5D=sprintf.js&scripts%5B%5D=ajax.js&scripts%5B%5D=keyhandler.js&scripts%5B%5D=jquery/jquery-ui.min.js&scripts%5B%5D=jquery/jquery.cookie.js&scripts%5B%5D=jquery/jquery.mousewheel.js&scripts%5B%5D=jquery/jquery.event.drag-2.2.js&scripts%5B%5D=jquery/jquery-ui-timepicker-addon.js&v=4.7.1 HTTP/1.1" 200 138731
::1 - - [05/Jun/2017:17:57:55 -0700] "GET /phpmyadmin/js/get_scripts.js.php?scripts%5B%5D=jquery/jquery.ba-hashchange-1.3.js&scripts%5B%5D=jquery/jquery.debounce-1.0.5.js&scripts%5B%5D=menu-resizer.js&scripts%5B%5D=cross_framing_protection.js&scripts%5B%5D=rte.js&scripts%5B%5D=tracekit/tracekit.js&scripts%5B%5D=error_report.js&scripts%5B%5D=config.js&scripts%5B%5D=doclinks.js&scripts%5B%5D=functions.js&v=4.7.1 HTTP/1.1" 200 77857
::1 - - [05/Jun/2017:17:57:55 -0700] "GET /phpmyadmin/js/whitelist.php?lang=en&db=&collation_connection=utf8mb4_unicode_ci&v=4.7.1 HTTP/1.1" 200 475
::1 - - [05/Jun/2017:17:57:55 -0700] "GET /phpmyadmin/js/get_scripts.js.php?scripts%5B%5D=codemirror/addon/lint/lint.js&scripts%5B%5D=codemirror/addon/lint/sql-lint.js&scripts%5B%5D=console.js&v=4.7.1 HTTP/1.1" 200 13114
::1 - - [05/Jun/2017:17:57:55 -0700] "GET /phpmyadmin/js/get_scripts.js.php?scripts%5B%5D=navigation.js&scripts%5B%5D=indexes.js&scripts%5B%5D=common.js&scripts%5B%5D=page_settings.js&scripts%5B%5D=shortcuts_handler.js&scripts%5B%5D=codemirror/lib/codemirror.js&scripts%5B%5D=codemirror/mode/sql/sql.js&scripts%5B%5D=codemirror/addon/runmode/runmode.js&scripts%5B%5D=codemirror/addon/hint/show-hint.js&scripts%5B%5D=codemirror/addon/hint/sql-hint.js&v=4.7.1 HTTP/1.1" 200 135447
::1 - - [05/Jun/2017:17:57:56 -0700] "GET /phpmyadmin/js/get_image.js.php?theme=pmahomme&v=4.7.1 HTTP/1.1" 200 1841
::1 - - [05/Jun/2017:17:57:57 -0700] "GET /phpmyadmin/themes/dot.gif HTTP/1.1" 200 43
::1 - - [05/Jun/2017:17:57:55 -0700] "GET /phpmyadmin/js/messages.php?lang=en&db=&collation_connection=utf8mb4_unicode_ci&v=4.7.1 HTTP/1.1" 200 8625
::1 - - [05/Jun/2017:17:57:57 -0700] "GET /phpmyadmin/themes/pmahomme/img/logo_right.png HTTP/1.1" 200 4802
::1 - - [05/Jun/2017:17:57:59 -0700] "GET /phpmyadmin/themes/pmahomme/img/sprites.png?v=4.7.1 HTTP/1.1" 200 15764
::1 - - [05/Jun/2017:17:58:13 -0700] "POST /phpmyadmin/index.php HTTP/1.1" 200 5137
::1 - - [05/Jun/2017:17:58:20 -0700] "GET /phpmyadmin/js/whitelist.php?lang=en&db=&v=4.7.1 HTTP/1.1" 200 475
::1 - - [05/Jun/2017:17:58:21 -0700] "GET /phpmyadmin/js/messages.php?lang=en&db=&v=4.7.1 HTTP/1.1" 200 8625
::1 - - [05/Jun/2017:17:58:21 -0700] "GET /phpmyadmin/themes/pmahomme/img/s_collapseall.png HTTP/1.1" 200 170
::1 - - [05/Jun/2017:17:58:21 -0700] "GET /phpmyadmin/themes/pmahomme/img/ajax_clock_small.gif HTTP/1.1" 200 1810
::1 - - [05/Jun/2017:17:58:21 -0700] "GET /phpmyadmin/themes/pmahomme/img/logo_left.png HTTP/1.1" 200 3117
::1 - - [05/Jun/2017:17:58:22 -0700] "POST /phpmyadmin/navigation.php?ajax_request=1 HTTP/1.1" 200 73
::1 - - [05/Jun/2017:18:22:54 -0700] "GET /phpmyadmin/server_databases.php?server=1&ajax_request=true&ajax_page_request=true&_nocache=1496712174495856238 HTTP/1.1" 200 73
::1 - - [05/Jun/2017:18:22:55 -0700] "GET /phpmyadmin/server_databases.php?server=1 HTTP/1.1" 200 3227
::1 - - [05/Jun/2017:18:22:56 -0700] "GET /phpmyadmin/themes/pmahomme/css/printview.css?v=4.7.1 HTTP/1.1" 304 -
::1 - - [05/Jun/2017:18:22:56 -0700] "GET /phpmyadmin/themes/pmahomme/jquery/jquery-ui.css HTTP/1.1" 304 -
::1 - - [05/Jun/2017:18:22:56 -0700] "GET /phpmyadmin/js/codemirror/lib/codemirror.css?v=4.7.1 HTTP/1.1" 304 -
::1 - - [05/Jun/2017:18:22:56 -0700] "GET /phpmyadmin/js/codemirror/addon/hint/show-hint.css?v=4.7.1 HTTP/1.1" 304 -
::1 - - [05/Jun/2017:18:22:56 -0700] "GET /phpmyadmin/js/codemirror/addon/lint/lint.css?v=4.7.1 HTTP/1.1" 304 -
::1 - - [05/Jun/2017:18:22:56 -0700] "GET /phpmyadmin/js/get_scripts.js.php?scripts%5B%5D=jquery/jquery.ba-hashchange-1.3.js&scripts%5B%5D=jquery/jquery.debounce-1.0.5.js&scripts%5B%5D=menu-resizer.js&scripts%5B%5D=cross_framing_protection.js&scripts%5B%5D=rte.js&scripts%5B%5D=tracekit/tracekit.js&scripts%5B%5D=error_report.js&scripts%5B%5D=config.js&scripts%5B%5D=doclinks.js&scripts%5B%5D=functions.js&v=4.7.1 HTTP/1.1" 200 77857
::1 - - [05/Jun/2017:18:22:56 -0700] "GET /phpmyadmin/js/get_scripts.js.php?scripts%5B%5D=jquery/jquery.min.js&scripts%5B%5D=jquery/jquery-migrate-3.0.0.js&scripts%5B%5D=sprintf.js&scripts%5B%5D=ajax.js&scripts%5B%5D=keyhandler.js&scripts%5B%5D=jquery/jquery-ui.min.js&scripts%5B%5D=jquery/jquery.cookie.js&scripts%5B%5D=jquery/jquery.mousewheel.js&scripts%5B%5D=jquery/jquery.event.drag-2.2.js&scripts%5B%5D=jquery/jquery-ui-timepicker-addon.js&v=4.7.1 HTTP/1.1" 200 138731
::1 - - [05/Jun/2017:18:22:56 -0700] "GET /phpmyadmin/js/get_image.js.php?theme=pmahomme&v=4.7.1 HTTP/1.1" 200 1841
::1 - - [05/Jun/2017:18:22:56 -0700] "GET /phpmyadmin/phpmyadmin.css.php?nocache=2991631976ltr HTTP/1.1" 200 20155
::1 - - [05/Jun/2017:18:22:56 -0700] "GET /phpmyadmin/js/get_scripts.js.php?scripts%5B%5D=navigation.js&scripts%5B%5D=indexes.js&scripts%5B%5D=common.js&scripts%5B%5D=page_settings.js&scripts%5B%5D=shortcuts_handler.js&scripts%5B%5D=codemirror/lib/codemirror.js&scripts%5B%5D=codemirror/mode/sql/sql.js&scripts%5B%5D=codemirror/addon/runmode/runmode.js&scripts%5B%5D=codemirror/addon/hint/show-hint.js&scripts%5B%5D=codemirror/addon/hint/sql-hint.js&v=4.7.1 HTTP/1.1" 200 135447
::1 - - [05/Jun/2017:18:22:56 -0700] "GET /phpmyadmin/js/get_scripts.js.php?scripts%5B%5D=codemirror/addon/lint/lint.js&scripts%5B%5D=codemirror/addon/lint/sql-lint.js&scripts%5B%5D=console.js&v=4.7.1 HTTP/1.1" 200 13114
::1 - - [05/Jun/2017:18:22:56 -0700] "GET /phpmyadmin/js/whitelist.php?lang=en&db=&v=4.7.1 HTTP/1.1" 200 475
::1 - - [05/Jun/2017:18:22:57 -0700] "GET /phpmyadmin/themes/pmahomme/img/logo_right.png HTTP/1.1" 304 -
::1 - - [05/Jun/2017:18:22:56 -0700] "GET /phpmyadmin/js/messages.php?lang=en&db=&v=4.7.1 HTTP/1.1" 200 8625
::1 - - [05/Jun/2017:18:22:58 -0700] "GET /phpmyadmin/themes/dot.gif HTTP/1.1" 304 -
::1 - - [05/Jun/2017:18:22:58 -0700] "GET /phpmyadmin/themes/pmahomme/img/sprites.png?v=4.7.1 HTTP/1.1" 304 -
::1 - - [05/Jun/2017:18:23:08 -0700] "POST /phpmyadmin/index.php HTTP/1.1" 200 5140
::1 - - [05/Jun/2017:18:23:11 -0700] "POST /phpmyadmin/navigation.php?ajax_request=1 HTTP/1.1" 200 73
::1 - - [05/Jun/2017:18:23:44 -0700] "GET /phpmyadmin/server_databases.php?db=&ajax_request=true&ajax_page_request=true&_nocache=1496712224596365558 HTTP/1.1" 200 73
::1 - - [05/Jun/2017:18:23:45 -0700] "GET /phpmyadmin/server_databases.php?db= HTTP/1.1" 200 3227
::1 - - [05/Jun/2017:18:23:46 -0700] "GET /phpmyadmin/themes/pmahomme/jquery/jquery-ui.css HTTP/1.1" 304 -
::1 - - [05/Jun/2017:18:23:46 -0700] "GET /phpmyadmin/js/codemirror/lib/codemirror.css?v=4.7.1 HTTP/1.1" 304 -
::1 - - [05/Jun/2017:18:23:46 -0700] "GET /phpmyadmin/js/codemirror/addon/hint/show-hint.css?v=4.7.1 HTTP/1.1" 304 -
::1 - - [05/Jun/2017:18:23:46 -0700] "GET /phpmyadmin/js/codemirror/addon/lint/lint.css?v=4.7.1 HTTP/1.1" 304 -
::1 - - [05/Jun/2017:18:23:46 -0700] "GET /phpmyadmin/themes/pmahomme/css/printview.css?v=4.7.1 HTTP/1.1" 304 -
::1 - - [05/Jun/2017:18:23:46 -0700] "GET /phpmyadmin/phpmyadmin.css.php?nocache=2991631976ltr HTTP/1.1" 200 20155
::1 - - [05/Jun/2017:18:23:46 -0700] "GET /phpmyadmin/js/get_scripts.js.php?scripts%5B%5D=jquery/jquery.min.js&scripts%5B%5D=jquery/jquery-migrate-3.0.0.js&scripts%5B%5D=sprintf.js&scripts%5B%5D=ajax.js&scripts%5B%5D=keyhandler.js&scripts%5B%5D=jquery/jquery-ui.min.js&scripts%5B%5D=jquery/jquery.cookie.js&scripts%5B%5D=jquery/jquery.mousewheel.js&scripts%5B%5D=jquery/jquery.event.drag-2.2.js&scripts%5B%5D=jquery/jquery-ui-timepicker-addon.js&v=4.7.1 HTTP/1.1" 200 138731
::1 - - [05/Jun/2017:18:23:46 -0700] "GET /phpmyadmin/js/get_scripts.js.php?scripts%5B%5D=jquery/jquery.ba-hashchange-1.3.js&scripts%5B%5D=jquery/jquery.debounce-1.0.5.js&scripts%5B%5D=menu-resizer.js&scripts%5B%5D=cross_framing_protection.js&scripts%5B%5D=rte.js&scripts%5B%5D=tracekit/tracekit.js&scripts%5B%5D=error_report.js&scripts%5B%5D=config.js&scripts%5B%5D=doclinks.js&scripts%5B%5D=functions.js&v=4.7.1 HTTP/1.1" 200 77857
::1 - - [05/Jun/2017:18:23:46 -0700] "GET /phpmyadmin/js/get_scripts.js.php?scripts%5B%5D=navigation.js&scripts%5B%5D=indexes.js&scripts%5B%5D=common.js&scripts%5B%5D=page_settings.js&scripts%5B%5D=shortcuts_handler.js&scripts%5B%5D=codemirror/lib/codemirror.js&scripts%5B%5D=codemirror/mode/sql/sql.js&scripts%5B%5D=codemirror/addon/runmode/runmode.js&scripts%5B%5D=codemirror/addon/hint/show-hint.js&scripts%5B%5D=codemirror/addon/hint/sql-hint.js&v=4.7.1 HTTP/1.1" 200 135447
::1 - - [05/Jun/2017:18:23:46 -0700] "GET /phpmyadmin/js/get_scripts.js.php?scripts%5B%5D=codemirror/addon/lint/lint.js&scripts%5B%5D=codemirror/addon/lint/sql-lint.js&scripts%5B%5D=console.js&v=4.7.1 HTTP/1.1" 200 13114
::1 - - [05/Jun/2017:18:23:46 -0700] "GET /phpmyadmin/js/whitelist.php?lang=en&db=&v=4.7.1 HTTP/1.1" 200 475
::1 - - [05/Jun/2017:18:23:47 -0700] "GET /phpmyadmin/js/get_image.js.php?theme=pmahomme&v=4.7.1 HTTP/1.1" 200 1841
::1 - - [05/Jun/2017:18:23:46 -0700] "GET /phpmyadmin/js/messages.php?lang=en&db=&v=4.7.1 HTTP/1.1" 200 8625
::1 - - [05/Jun/2017:18:23:48 -0700] "GET /phpmyadmin/themes/pmahomme/img/logo_right.png HTTP/1.1" 304 -
::1 - - [05/Jun/2017:18:23:48 -0700] "GET /phpmyadmin/themes/dot.gif HTTP/1.1" 304 -
::1 - - [05/Jun/2017:18:23:48 -0700] "GET /phpmyadmin/themes/pmahomme/img/sprites.png?v=4.7.1 HTTP/1.1" 304 -
::1 - - [05/Jun/2017:18:23:54 -0700] "POST /phpmyadmin/index.php HTTP/1.1" 200 5137
::1 - - [05/Jun/2017:18:23:57 -0700] "POST /phpmyadmin/navigation.php?ajax_request=1 HTTP/1.1" 200 73
::1 - - [05/Jun/2017:18:24:21 -0700] "GET /phpmyadmin/prefs_manage.php?db=&ajax_request=true&ajax_page_request=true&_nocache=1496712261250412715 HTTP/1.1" 200 73
::1 - - [05/Jun/2017:18:24:22 -0700] "GET /phpmyadmin/prefs_manage.php?db= HTTP/1.1" 200 3229
::1 - - [05/Jun/2017:18:24:22 -0700] "GET /phpmyadmin/themes/pmahomme/jquery/jquery-ui.css HTTP/1.1" 304 -
::1 - - [05/Jun/2017:18:24:22 -0700] "GET /phpmyadmin/js/codemirror/lib/codemirror.css?v=4.7.1 HTTP/1.1" 304 -
::1 - - [05/Jun/2017:18:24:22 -0700] "GET /phpmyadmin/js/codemirror/addon/hint/show-hint.css?v=4.7.1 HTTP/1.1" 304 -
::1 - - [05/Jun/2017:18:24:22 -0700] "GET /phpmyadmin/js/codemirror/addon/lint/lint.css?v=4.7.1 HTTP/1.1" 304 -
::1 - - [05/Jun/2017:18:24:22 -0700] "GET /phpmyadmin/themes/pmahomme/css/printview.css?v=4.7.1 HTTP/1.1" 304 -
::1 - - [05/Jun/2017:18:24:22 -0700] "GET /phpmyadmin/phpmyadmin.css.php?nocache=2991631976ltr HTTP/1.1" 200 20155
::1 - - [05/Jun/2017:18:24:22 -0700] "GET /phpmyadmin/js/get_scripts.js.php?scripts%5B%5D=jquery/jquery.ba-hashchange-1.3.js&scripts%5B%5D=jquery/jquery.debounce-1.0.5.js&scripts%5B%5D=menu-resizer.js&scripts%5B%5D=cross_framing_protection.js&scripts%5B%5D=rte.js&scripts%5B%5D=tracekit/tracekit.js&scripts%5B%5D=error_report.js&scripts%5B%5D=config.js&scripts%5B%5D=doclinks.js&scripts%5B%5D=functions.js&v=4.7.1 HTTP/1.1" 200 77857
::1 - - [05/Jun/2017:18:24:22 -0700] "GET /phpmyadmin/js/get_scripts.js.php?scripts%5B%5D=jquery/jquery.min.js&scripts%5B%5D=jquery/jquery-migrate-3.0.0.js&scripts%5B%5D=sprintf.js&scripts%5B%5D=ajax.js&scripts%5B%5D=keyhandler.js&scripts%5B%5D=jquery/jquery-ui.min.js&scripts%5B%5D=jquery/jquery.cookie.js&scripts%5B%5D=jquery/jquery.mousewheel.js&scripts%5B%5D=jquery/jquery.event.drag-2.2.js&scripts%5B%5D=jquery/jquery-ui-timepicker-addon.js&v=4.7.1 HTTP/1.1" 200 138731
::1 - - [05/Jun/2017:18:24:23 -0700] "GET /phpmyadmin/js/get_scripts.js.php?scripts%5B%5D=codemirror/addon/lint/lint.js&scripts%5B%5D=codemirror/addon/lint/sql-lint.js&scripts%5B%5D=console.js&v=4.7.1 HTTP/1.1" 200 13114
::1 - - [05/Jun/2017:18:24:23 -0700] "GET /phpmyadmin/js/whitelist.php?lang=en&db=&v=4.7.1 HTTP/1.1" 200 475
::1 - - [05/Jun/2017:18:24:22 -0700] "GET /phpmyadmin/js/get_scripts.js.php?scripts%5B%5D=navigation.js&scripts%5B%5D=indexes.js&scripts%5B%5D=common.js&scripts%5B%5D=page_settings.js&scripts%5B%5D=shortcuts_handler.js&scripts%5B%5D=codemirror/lib/codemirror.js&scripts%5B%5D=codemirror/mode/sql/sql.js&scripts%5B%5D=codemirror/addon/runmode/runmode.js&scripts%5B%5D=codemirror/addon/hint/show-hint.js&scripts%5B%5D=codemirror/addon/hint/sql-hint.js&v=4.7.1 HTTP/1.1" 200 135447
::1 - - [05/Jun/2017:18:24:23 -0700] "GET /phpmyadmin/js/get_image.js.php?theme=pmahomme&v=4.7.1 HTTP/1.1" 200 1841
::1 - - [05/Jun/2017:18:24:23 -0700] "GET /phpmyadmin/js/messages.php?lang=en&db=&v=4.7.1 HTTP/1.1" 200 8625
::1 - - [05/Jun/2017:18:24:24 -0700] "GET /phpmyadmin/themes/pmahomme/img/logo_right.png HTTP/1.1" 304 -
::1 - - [05/Jun/2017:18:24:24 -0700] "GET /phpmyadmin/themes/dot.gif HTTP/1.1" 304 -
::1 - - [05/Jun/2017:18:24:24 -0700] "GET /phpmyadmin/themes/pmahomme/img/sprites.png?v=4.7.1 HTTP/1.1" 304 -
::1 - - [05/Jun/2017:18:24:28 -0700] "POST /phpmyadmin/index.php HTTP/1.1" 200 5138
::1 - - [05/Jun/2017:18:24:31 -0700] "POST /phpmyadmin/navigation.php?ajax_request=1 HTTP/1.1" 200 73
::1 - - [05/Jun/2017:18:25:16 -0700] "GET /phpmyadmin/server_engines.php?db=&ajax_request=true&ajax_page_request=true&_nocache=1496712315994612186 HTTP/1.1" 200 73
::1 - - [05/Jun/2017:18:25:16 -0700] "GET /phpmyadmin/server_engines.php?db= HTTP/1.1" 200 3228
::1 - - [05/Jun/2017:18:25:17 -0700] "GET /phpmyadmin/themes/pmahomme/jquery/jquery-ui.css HTTP/1.1" 304 -
::1 - - [05/Jun/2017:18:25:17 -0700] "GET /phpmyadmin/js/codemirror/lib/codemirror.css?v=4.7.1 HTTP/1.1" 304 -
::1 - - [05/Jun/2017:18:25:17 -0700] "GET /phpmyadmin/js/codemirror/addon/hint/show-hint.css?v=4.7.1 HTTP/1.1" 304 -
::1 - - [05/Jun/2017:18:25:17 -0700] "GET /phpmyadmin/themes/pmahomme/css/printview.css?v=4.7.1 HTTP/1.1" 304 -
::1 - - [05/Jun/2017:18:25:17 -0700] "GET /phpmyadmin/js/codemirror/addon/lint/lint.css?v=4.7.1 HTTP/1.1" 304 -
::1 - - [05/Jun/2017:18:25:17 -0700] "GET /phpmyadmin/phpmyadmin.css.php?nocache=2991631976ltr HTTP/1.1" 200 20155
::1 - - [05/Jun/2017:18:25:17 -0700] "GET /phpmyadmin/js/get_scripts.js.php?scripts%5B%5D=jquery/jquery.min.js&scripts%5B%5D=jquery/jquery-migrate-3.0.0.js&scripts%5B%5D=sprintf.js&scripts%5B%5D=ajax.js&scripts%5B%5D=keyhandler.js&scripts%5B%5D=jquery/jquery-ui.min.js&scripts%5B%5D=jquery/jquery.cookie.js&scripts%5B%5D=jquery/jquery.mousewheel.js&scripts%5B%5D=jquery/jquery.event.drag-2.2.js&scripts%5B%5D=jquery/jquery-ui-timepicker-addon.js&v=4.7.1 HTTP/1.1" 200 138731
::1 - - [05/Jun/2017:18:25:17 -0700] "GET /phpmyadmin/js/get_scripts.js.php?scripts%5B%5D=codemirror/addon/lint/lint.js&scripts%5B%5D=codemirror/addon/lint/sql-lint.js&scripts%5B%5D=console.js&v=4.7.1 HTTP/1.1" 200 13114
::1 - - [05/Jun/2017:18:25:17 -0700] "GET /phpmyadmin/js/whitelist.php?lang=en&db=&v=4.7.1 HTTP/1.1" 200 475
::1 - - [05/Jun/2017:18:25:17 -0700] "GET /phpmyadmin/js/get_scripts.js.php?scripts%5B%5D=jquery/jquery.ba-hashchange-1.3.js&scripts%5B%5D=jquery/jquery.debounce-1.0.5.js&scripts%5B%5D=menu-resizer.js&scripts%5B%5D=cross_framing_protection.js&scripts%5B%5D=rte.js&scripts%5B%5D=tracekit/tracekit.js&scripts%5B%5D=error_report.js&scripts%5B%5D=config.js&scripts%5B%5D=doclinks.js&scripts%5B%5D=functions.js&v=4.7.1 HTTP/1.1" 200 77857
::1 - - [05/Jun/2017:18:25:17 -0700] "GET /phpmyadmin/js/get_scripts.js.php?scripts%5B%5D=navigation.js&scripts%5B%5D=indexes.js&scripts%5B%5D=common.js&scripts%5B%5D=page_settings.js&scripts%5B%5D=shortcuts_handler.js&scripts%5B%5D=codemirror/lib/codemirror.js&scripts%5B%5D=codemirror/mode/sql/sql.js&scripts%5B%5D=codemirror/addon/runmode/runmode.js&scripts%5B%5D=codemirror/addon/hint/show-hint.js&scripts%5B%5D=codemirror/addon/hint/sql-hint.js&v=4.7.1 HTTP/1.1" 200 135447
::1 - - [05/Jun/2017:18:25:17 -0700] "GET /phpmyadmin/js/messages.php?lang=en&db=&v=4.7.1 HTTP/1.1" 200 8625
::1 - - [05/Jun/2017:18:25:18 -0700] "GET /phpmyadmin/js/get_image.js.php?theme=pmahomme&v=4.7.1 HTTP/1.1" 200 1841
::1 - - [05/Jun/2017:18:25:19 -0700] "GET /phpmyadmin/themes/pmahomme/img/logo_right.png HTTP/1.1" 304 -
::1 - - [05/Jun/2017:18:25:19 -0700] "GET /phpmyadmin/themes/dot.gif HTTP/1.1" 304 -
::1 - - [05/Jun/2017:18:25:19 -0700] "GET /phpmyadmin/themes/pmahomme/img/sprites.png?v=4.7.1 HTTP/1.1" 304 -
::1 - - [05/Jun/2017:18:25:25 -0700] "GET /phpmyadmin/index.php?db=&table=&server=1&target=prefs_manage.php&ajax_request=true&ajax_page_request=true&_nocache=1496712324952717650 HTTP/1.1" 200 73
::1 - - [05/Jun/2017:18:25:25 -0700] "GET /phpmyadmin/index.php HTTP/1.1" 200 3221
::1 - - [05/Jun/2017:18:25:26 -0700] "GET /phpmyadmin/js/codemirror/lib/codemirror.css?v=4.7.1 HTTP/1.1" 304 -
::1 - - [05/Jun/2017:18:25:26 -0700] "GET /phpmyadmin/themes/pmahomme/jquery/jquery-ui.css HTTP/1.1" 304 -
::1 - - [05/Jun/2017:18:25:26 -0700] "GET /phpmyadmin/js/codemirror/addon/hint/show-hint.css?v=4.7.1 HTTP/1.1" 304 -
::1 - - [05/Jun/2017:18:25:26 -0700] "GET /phpmyadmin/js/codemirror/addon/lint/lint.css?v=4.7.1 HTTP/1.1" 304 -
::1 - - [05/Jun/2017:18:25:26 -0700] "GET /phpmyadmin/themes/pmahomme/css/printview.css?v=4.7.1 HTTP/1.1" 304 -
::1 - - [05/Jun/2017:18:25:26 -0700] "GET /phpmyadmin/phpmyadmin.css.php?nocache=2991631976ltr HTTP/1.1" 200 20155
::1 - - [05/Jun/2017:18:25:26 -0700] "GET /phpmyadmin/js/whitelist.php?lang=en&db=&v=4.7.1 HTTP/1.1" 200 475
::1 - - [05/Jun/2017:18:25:26 -0700] "GET /phpmyadmin/js/get_scripts.js.php?scripts%5B%5D=codemirror/addon/lint/lint.js&scripts%5B%5D=codemirror/addon/lint/sql-lint.js&scripts%5B%5D=console.js&v=4.7.1 HTTP/1.1" 200 13114
::1 - - [05/Jun/2017:18:25:26 -0700] "GET /phpmyadmin/js/get_scripts.js.php?scripts%5B%5D=jquery/jquery.min.js&scripts%5B%5D=jquery/jquery-migrate-3.0.0.js&scripts%5B%5D=sprintf.js&scripts%5B%5D=ajax.js&scripts%5B%5D=keyhandler.js&scripts%5B%5D=jquery/jquery-ui.min.js&scripts%5B%5D=jquery/jquery.cookie.js&scripts%5B%5D=jquery/jquery.mousewheel.js&scripts%5B%5D=jquery/jquery.event.drag-2.2.js&scripts%5B%5D=jquery/jquery-ui-timepicker-addon.js&v=4.7.1 HTTP/1.1" 200 138731
::1 - - [05/Jun/2017:18:25:26 -0700] "GET /phpmyadmin/js/messages.php?lang=en&db=&v=4.7.1 HTTP/1.1" 200 8625
::1 - - [05/Jun/2017:18:25:26 -0700] "GET /phpmyadmin/js/get_image.js.php?theme=pmahomme&v=4.7.1 HTTP/1.1" 200 1841
::1 - - [05/Jun/2017:18:25:26 -0700] "GET /phpmyadmin/js/get_scripts.js.php?scripts%5B%5D=jquery/jquery.ba-hashchange-1.3.js&scripts%5B%5D=jquery/jquery.debounce-1.0.5.js&scripts%5B%5D=menu-resizer.js&scripts%5B%5D=cross_framing_protection.js&scripts%5B%5D=rte.js&scripts%5B%5D=tracekit/tracekit.js&scripts%5B%5D=error_report.js&scripts%5B%5D=config.js&scripts%5B%5D=doclinks.js&scripts%5B%5D=functions.js&v=4.7.1 HTTP/1.1" 200 77857
::1 - - [05/Jun/2017:18:25:26 -0700] "GET /phpmyadmin/js/get_scripts.js.php?scripts%5B%5D=navigation.js&scripts%5B%5D=indexes.js&scripts%5B%5D=common.js&scripts%5B%5D=page_settings.js&scripts%5B%5D=shortcuts_handler.js&scripts%5B%5D=codemirror/lib/codemirror.js&scripts%5B%5D=codemirror/mode/sql/sql.js&scripts%5B%5D=codemirror/addon/runmode/runmode.js&scripts%5B%5D=codemirror/addon/hint/show-hint.js&scripts%5B%5D=codemirror/addon/hint/sql-hint.js&v=4.7.1 HTTP/1.1" 200 135447
::1 - - [05/Jun/2017:18:25:27 -0700] "GET /phpmyadmin/themes/pmahomme/img/logo_right.png HTTP/1.1" 304 -
::1 - - [05/Jun/2017:18:25:27 -0700] "GET /phpmyadmin/themes/dot.gif HTTP/1.1" 304 -
::1 - - [05/Jun/2017:18:25:28 -0700] "GET /phpmyadmin/themes/pmahomme/img/sprites.png?v=4.7.1 HTTP/1.1" 304 -
::1 - - [06/Jun/2017:23:45:00 -0700] "GET / HTTP/1.1" 200 89976
::1 - - [06/Jun/2017:23:45:05 -0700] "GET /favicon.ico HTTP/1.1" 404 209
::1 - - [06/Jun/2017:23:45:05 -0700] "GET /favicon.ico HTTP/1.1" 404 209
::1 - - [06/Jun/2017:23:45:44 -0700] "GET /phpmyadmin HTTP/1.1" 301 236
::1 - - [06/Jun/2017:23:45:45 -0700] "GET /phpmyadmin/ HTTP/1.1" 200 3253
::1 - - [06/Jun/2017:23:45:55 -0700] "GET /phpmyadmin/themes/pmahomme/jquery/jquery-ui.css HTTP/1.1" 200 36566
::1 - - [06/Jun/2017:23:45:55 -0700] "GET /phpmyadmin/themes/pmahomme/css/printview.css?v=4.7.1 HTTP/1.1" 200 2746
::1 - - [06/Jun/2017:23:45:55 -0700] "GET /phpmyadmin/js/codemirror/addon/hint/show-hint.css?v=4.7.1 HTTP/1.1" 200 623
::1 - - [06/Jun/2017:23:45:55 -0700] "GET /phpmyadmin/js/codemirror/lib/codemirror.css?v=4.7.1 HTTP/1.1" 200 8132
::1 - - [06/Jun/2017:23:45:55 -0700] "GET /phpmyadmin/js/codemirror/addon/lint/lint.css?v=4.7.1 HTTP/1.1" 200 2999
::1 - - [06/Jun/2017:23:45:55 -0700] "GET /phpmyadmin/phpmyadmin.css.php?nocache=2991631976ltr HTTP/1.1" 200 20155
::1 - - [06/Jun/2017:23:45:56 -0700] "GET /phpmyadmin/js/get_scripts.js.php?scripts%5B%5D=jquery/jquery.min.js&scripts%5B%5D=jquery/jquery-migrate-3.0.0.js&scripts%5B%5D=sprintf.js&scripts%5B%5D=ajax.js&scripts%5B%5D=keyhandler.js&scripts%5B%5D=jquery/jquery-ui.min.js&scripts%5B%5D=jquery/jquery.cookie.js&scripts%5B%5D=jquery/jquery.mousewheel.js&scripts%5B%5D=jquery/jquery.event.drag-2.2.js&scripts%5B%5D=jquery/jquery-ui-timepicker-addon.js&v=4.7.1 HTTP/1.1" 200 138731
::1 - - [06/Jun/2017:23:45:56 -0700] "GET /phpmyadmin/js/get_scripts.js.php?scripts%5B%5D=codemirror/addon/lint/lint.js&scripts%5B%5D=codemirror/addon/lint/sql-lint.js&scripts%5B%5D=console.js&v=4.7.1 HTTP/1.1" 200 13114
::1 - - [06/Jun/2017:23:45:58 -0700] "GET /phpmyadmin/favicon.ico HTTP/1.1" 200 22486
::1 - - [06/Jun/2017:23:45:56 -0700] "GET /phpmyadmin/js/get_scripts.js.php?scripts%5B%5D=navigation.js&scripts%5B%5D=indexes.js&scripts%5B%5D=common.js&scripts%5B%5D=page_settings.js&scripts%5B%5D=shortcuts_handler.js&scripts%5B%5D=codemirror/lib/codemirror.js&scripts%5B%5D=codemirror/mode/sql/sql.js&scripts%5B%5D=codemirror/addon/runmode/runmode.js&scripts%5B%5D=codemirror/addon/hint/show-hint.js&scripts%5B%5D=codemirror/addon/hint/sql-hint.js&v=4.7.1 HTTP/1.1" 200 135447
::1 - - [06/Jun/2017:23:45:56 -0700] "GET /phpmyadmin/js/get_scripts.js.php?scripts%5B%5D=jquery/jquery.ba-hashchange-1.3.js&scripts%5B%5D=jquery/jquery.debounce-1.0.5.js&scripts%5B%5D=menu-resizer.js&scripts%5B%5D=cross_framing_protection.js&scripts%5B%5D=rte.js&scripts%5B%5D=tracekit/tracekit.js&scripts%5B%5D=error_report.js&scripts%5B%5D=config.js&scripts%5B%5D=doclinks.js&scripts%5B%5D=functions.js&v=4.7.1 HTTP/1.1" 200 77857
::1 - - [06/Jun/2017:23:45:56 -0700] "GET /phpmyadmin/js/whitelist.php?lang=en&db=&collation_connection=utf8mb4_unicode_ci&v=4.7.1 HTTP/1.1" 200 475
::1 - - [06/Jun/2017:23:45:57 -0700] "GET /phpmyadmin/js/messages.php?lang=en&db=&collation_connection=utf8mb4_unicode_ci&v=4.7.1 HTTP/1.1" 200 8625
::1 - - [06/Jun/2017:23:46:00 -0700] "GET /phpmyadmin/themes/dot.gif HTTP/1.1" 200 43
::1 - - [06/Jun/2017:23:45:58 -0700] "GET /phpmyadmin/js/get_image.js.php?theme=pmahomme&v=4.7.1 HTTP/1.1" 200 1841
::1 - - [06/Jun/2017:23:46:00 -0700] "GET /phpmyadmin/themes/pmahomme/img/logo_right.png HTTP/1.1" 200 4802
::1 - - [06/Jun/2017:23:46:03 -0700] "GET /phpmyadmin/themes/pmahomme/img/sprites.png?v=4.7.1 HTTP/1.1" 200 15764
::1 - - [06/Jun/2017:23:46:25 -0700] "POST /phpmyadmin/index.php HTTP/1.1" 200 5137
::1 - - [06/Jun/2017:23:46:29 -0700] "GET /phpmyadmin/js/whitelist.php?lang=en&db=&v=4.7.1 HTTP/1.1" 200 475
::1 - - [06/Jun/2017:23:46:29 -0700] "GET /phpmyadmin/js/messages.php?lang=en&db=&v=4.7.1 HTTP/1.1" 200 8625
::1 - - [06/Jun/2017:23:46:29 -0700] "GET /phpmyadmin/themes/pmahomme/img/ajax_clock_small.gif HTTP/1.1" 200 1810
::1 - - [06/Jun/2017:23:46:29 -0700] "GET /phpmyadmin/themes/pmahomme/img/logo_left.png HTTP/1.1" 200 3117
::1 - - [06/Jun/2017:23:46:29 -0700] "GET /phpmyadmin/themes/pmahomme/img/s_collapseall.png HTTP/1.1" 200 170
::1 - - [06/Jun/2017:23:46:31 -0700] "GET /phpmyadmin/themes/pmahomme/img/left_nav_bg.png HTTP/1.1" 200 257
::1 - - [06/Jun/2017:23:46:31 -0700] "POST /phpmyadmin/navigation.php?ajax_request=1 HTTP/1.1" 200 73
::1 - - [06/Jun/2017:23:46:42 -0700] "GET /phpmyadmin/index.php HTTP/1.1" 200 3221
::1 - - [06/Jun/2017:23:46:43 -0700] "GET /phpmyadmin/themes/pmahomme/jquery/jquery-ui.css HTTP/1.1" 304 -
::1 - - [06/Jun/2017:23:46:43 -0700] "GET /phpmyadmin/js/codemirror/lib/codemirror.css?v=4.7.1 HTTP/1.1" 304 -
::1 - - [06/Jun/2017:23:46:43 -0700] "GET /phpmyadmin/js/codemirror/addon/hint/show-hint.css?v=4.7.1 HTTP/1.1" 304 -
::1 - - [06/Jun/2017:23:46:43 -0700] "GET /phpmyadmin/themes/pmahomme/css/printview.css?v=4.7.1 HTTP/1.1" 304 -
::1 - - [06/Jun/2017:23:46:43 -0700] "GET /phpmyadmin/js/codemirror/addon/lint/lint.css?v=4.7.1 HTTP/1.1" 304 -
::1 - - [06/Jun/2017:23:46:43 -0700] "GET /phpmyadmin/js/whitelist.php?lang=en&db=&v=4.7.1 HTTP/1.1" 200 475
::1 - - [06/Jun/2017:23:46:43 -0700] "GET /phpmyadmin/phpmyadmin.css.php?nocache=2991631976ltr HTTP/1.1" 200 20155
::1 - - [06/Jun/2017:23:46:43 -0700] "GET /phpmyadmin/js/get_scripts.js.php?scripts%5B%5D=jquery/jquery.ba-hashchange-1.3.js&scripts%5B%5D=jquery/jquery.debounce-1.0.5.js&scripts%5B%5D=menu-resizer.js&scripts%5B%5D=cross_framing_protection.js&scripts%5B%5D=rte.js&scripts%5B%5D=tracekit/tracekit.js&scripts%5B%5D=error_report.js&scripts%5B%5D=config.js&scripts%5B%5D=doclinks.js&scripts%5B%5D=functions.js&v=4.7.1 HTTP/1.1" 200 77857
::1 - - [06/Jun/2017:23:46:43 -0700] "GET /phpmyadmin/js/get_scripts.js.php?scripts%5B%5D=navigation.js&scripts%5B%5D=indexes.js&scripts%5B%5D=common.js&scripts%5B%5D=page_settings.js&scripts%5B%5D=shortcuts_handler.js&scripts%5B%5D=codemirror/lib/codemirror.js&scripts%5B%5D=codemirror/mode/sql/sql.js&scripts%5B%5D=codemirror/addon/runmode/runmode.js&scripts%5B%5D=codemirror/addon/hint/show-hint.js&scripts%5B%5D=codemirror/addon/hint/sql-hint.js&v=4.7.1 HTTP/1.1" 200 135447
::1 - - [06/Jun/2017:23:46:43 -0700] "GET /phpmyadmin/js/get_scripts.js.php?scripts%5B%5D=codemirror/addon/lint/lint.js&scripts%5B%5D=codemirror/addon/lint/sql-lint.js&scripts%5B%5D=console.js&v=4.7.1 HTTP/1.1" 200 13114
::1 - - [06/Jun/2017:23:46:43 -0700] "GET /phpmyadmin/js/get_scripts.js.php?scripts%5B%5D=jquery/jquery.min.js&scripts%5B%5D=jquery/jquery-migrate-3.0.0.js&scripts%5B%5D=sprintf.js&scripts%5B%5D=ajax.js&scripts%5B%5D=keyhandler.js&scripts%5B%5D=jquery/jquery-ui.min.js&scripts%5B%5D=jquery/jquery.cookie.js&scripts%5B%5D=jquery/jquery.mousewheel.js&scripts%5B%5D=jquery/jquery.event.drag-2.2.js&scripts%5B%5D=jquery/jquery-ui-timepicker-addon.js&v=4.7.1 HTTP/1.1" 200 138731
::1 - - [06/Jun/2017:23:46:43 -0700] "GET /phpmyadmin/js/get_image.js.php?theme=pmahomme&v=4.7.1 HTTP/1.1" 200 1841
::1 - - [06/Jun/2017:23:46:43 -0700] "GET /phpmyadmin/js/messages.php?lang=en&db=&v=4.7.1 HTTP/1.1" 200 8625
::1 - - [06/Jun/2017:23:46:45 -0700] "GET /phpmyadmin/themes/pmahomme/img/logo_right.png HTTP/1.1" 304 -
::1 - - [06/Jun/2017:23:46:45 -0700] "GET /phpmyadmin/themes/dot.gif HTTP/1.1" 304 -
::1 - - [06/Jun/2017:23:46:45 -0700] "GET /phpmyadmin/themes/pmahomme/img/sprites.png?v=4.7.1 HTTP/1.1" 304 -
::1 - - [06/Jun/2017:23:46:48 -0700] "POST /phpmyadmin/index.php HTTP/1.1" 200 5137
::1 - - [06/Jun/2017:23:46:51 -0700] "POST /phpmyadmin/navigation.php?ajax_request=1 HTTP/1.1" 200 73
::1 - - [06/Jun/2017:23:46:59 -0700] "GET /phpmyadmin/index.php HTTP/1.1" 200 3222
::1 - - [06/Jun/2017:23:47:00 -0700] "GET /phpmyadmin/themes/pmahomme/jquery/jquery-ui.css HTTP/1.1" 304 -
::1 - - [06/Jun/2017:23:47:00 -0700] "GET /phpmyadmin/js/codemirror/lib/codemirror.css?v=4.7.1 HTTP/1.1" 304 -
::1 - - [06/Jun/2017:23:47:00 -0700] "GET /phpmyadmin/js/codemirror/addon/lint/lint.css?v=4.7.1 HTTP/1.1" 304 -
::1 - - [06/Jun/2017:23:47:00 -0700] "GET /phpmyadmin/js/codemirror/addon/hint/show-hint.css?v=4.7.1 HTTP/1.1" 304 -
::1 - - [06/Jun/2017:23:47:00 -0700] "GET /phpmyadmin/themes/pmahomme/css/printview.css?v=4.7.1 HTTP/1.1" 304 -
::1 - - [06/Jun/2017:23:47:00 -0700] "GET /phpmyadmin/phpmyadmin.css.php?nocache=2991631976ltr HTTP/1.1" 200 20155
::1 - - [06/Jun/2017:23:47:00 -0700] "GET /phpmyadmin/js/get_scripts.js.php?scripts%5B%5D=jquery/jquery.min.js&scripts%5B%5D=jquery/jquery-migrate-3.0.0.js&scripts%5B%5D=sprintf.js&scripts%5B%5D=ajax.js&scripts%5B%5D=keyhandler.js&scripts%5B%5D=jquery/jquery-ui.min.js&scripts%5B%5D=jquery/jquery.cookie.js&scripts%5B%5D=jquery/jquery.mousewheel.js&scripts%5B%5D=jquery/jquery.event.drag-2.2.js&scripts%5B%5D=jquery/jquery-ui-timepicker-addon.js&v=4.7.1 HTTP/1.1" 200 138731
::1 - - [06/Jun/2017:23:47:00 -0700] "GET /phpmyadmin/js/messages.php?lang=en&db=&v=4.7.1 HTTP/1.1" 200 8625
::1 - - [06/Jun/2017:23:47:00 -0700] "GET /phpmyadmin/js/whitelist.php?lang=en&db=&v=4.7.1 HTTP/1.1" 200 475
::1 - - [06/Jun/2017:23:47:00 -0700] "GET /phpmyadmin/js/get_scripts.js.php?scripts%5B%5D=codemirror/addon/lint/lint.js&scripts%5B%5D=codemirror/addon/lint/sql-lint.js&scripts%5B%5D=console.js&v=4.7.1 HTTP/1.1" 200 13114
::1 - - [06/Jun/2017:23:47:00 -0700] "GET /phpmyadmin/js/get_scripts.js.php?scripts%5B%5D=jquery/jquery.ba-hashchange-1.3.js&scripts%5B%5D=jquery/jquery.debounce-1.0.5.js&scripts%5B%5D=menu-resizer.js&scripts%5B%5D=cross_framing_protection.js&scripts%5B%5D=rte.js&scripts%5B%5D=tracekit/tracekit.js&scripts%5B%5D=error_report.js&scripts%5B%5D=config.js&scripts%5B%5D=doclinks.js&scripts%5B%5D=functions.js&v=4.7.1 HTTP/1.1" 200 77857
::1 - - [06/Jun/2017:23:47:00 -0700] "GET /phpmyadmin/js/get_scripts.js.php?scripts%5B%5D=navigation.js&scripts%5B%5D=indexes.js&scripts%5B%5D=common.js&scripts%5B%5D=page_settings.js&scripts%5B%5D=shortcuts_handler.js&scripts%5B%5D=codemirror/lib/codemirror.js&scripts%5B%5D=codemirror/mode/sql/sql.js&scripts%5B%5D=codemirror/addon/runmode/runmode.js&scripts%5B%5D=codemirror/addon/hint/show-hint.js&scripts%5B%5D=codemirror/addon/hint/sql-hint.js&v=4.7.1 HTTP/1.1" 200 135447
::1 - - [06/Jun/2017:23:47:00 -0700] "GET /phpmyadmin/js/get_image.js.php?theme=pmahomme&v=4.7.1 HTTP/1.1" 200 1841
::1 - - [06/Jun/2017:23:47:01 -0700] "GET /phpmyadmin/themes/pmahomme/img/logo_right.png HTTP/1.1" 304 -
::1 - - [06/Jun/2017:23:47:01 -0700] "GET /phpmyadmin/themes/dot.gif HTTP/1.1" 304 -
::1 - - [06/Jun/2017:23:47:02 -0700] "GET /phpmyadmin/themes/pmahomme/img/sprites.png?v=4.7.1 HTTP/1.1" 304 -
::1 - - [06/Jun/2017:23:47:04 -0700] "POST /phpmyadmin/index.php HTTP/1.1" 200 5136
::1 - - [06/Jun/2017:23:47:07 -0700] "POST /phpmyadmin/navigation.php?ajax_request=1 HTTP/1.1" 200 73
::1 - - [06/Jun/2017:23:48:51 -0700] "GET /phpmyadmin/server_sql.php?sql_query=SET+lc_messages+%3D+%27en_US%27%3B&show_query=1&ajax_request=true&ajax_page_request=true&_nocache=1496818131453289485 HTTP/1.1" 200 73
::1 - - [06/Jun/2017:23:48:52 -0700] "GET /phpmyadmin/server_sql.php?sql_query=SET+lc_messages+%3D+%27en_US%27%3B&show_query=1 HTTP/1.1" 200 3227
::1 - - [06/Jun/2017:23:48:53 -0700] "GET /phpmyadmin/themes/pmahomme/jquery/jquery-ui.css HTTP/1.1" 304 -
::1 - - [06/Jun/2017:23:48:53 -0700] "GET /phpmyadmin/js/codemirror/lib/codemirror.css?v=4.7.1 HTTP/1.1" 304 -
::1 - - [06/Jun/2017:23:48:53 -0700] "GET /phpmyadmin/js/codemirror/addon/hint/show-hint.css?v=4.7.1 HTTP/1.1" 304 -
::1 - - [06/Jun/2017:23:48:53 -0700] "GET /phpmyadmin/js/codemirror/addon/lint/lint.css?v=4.7.1 HTTP/1.1" 304 -
::1 - - [06/Jun/2017:23:48:53 -0700] "GET /phpmyadmin/themes/pmahomme/css/printview.css?v=4.7.1 HTTP/1.1" 304 -
::1 - - [06/Jun/2017:23:48:53 -0700] "GET /phpmyadmin/phpmyadmin.css.php?nocache=2991631976ltr HTTP/1.1" 200 20155
::1 - - [06/Jun/2017:23:48:53 -0700] "GET /phpmyadmin/js/get_scripts.js.php?scripts%5B%5D=navigation.js&scripts%5B%5D=indexes.js&scripts%5B%5D=common.js&scripts%5B%5D=page_settings.js&scripts%5B%5D=shortcuts_handler.js&scripts%5B%5D=codemirror/lib/codemirror.js&scripts%5B%5D=codemirror/mode/sql/sql.js&scripts%5B%5D=codemirror/addon/runmode/runmode.js&scripts%5B%5D=codemirror/addon/hint/show-hint.js&scripts%5B%5D=codemirror/addon/hint/sql-hint.js&v=4.7.1 HTTP/1.1" 200 135447
::1 - - [06/Jun/2017:23:48:53 -0700] "GET /phpmyadmin/js/get_scripts.js.php?scripts%5B%5D=codemirror/addon/lint/lint.js&scripts%5B%5D=codemirror/addon/lint/sql-lint.js&scripts%5B%5D=console.js&v=4.7.1 HTTP/1.1" 200 13114
::1 - - [06/Jun/2017:23:48:53 -0700] "GET /phpmyadmin/js/get_scripts.js.php?scripts%5B%5D=jquery/jquery.ba-hashchange-1.3.js&scripts%5B%5D=jquery/jquery.debounce-1.0.5.js&scripts%5B%5D=menu-resizer.js&scripts%5B%5D=cross_framing_protection.js&scripts%5B%5D=rte.js&scripts%5B%5D=tracekit/tracekit.js&scripts%5B%5D=error_report.js&scripts%5B%5D=config.js&scripts%5B%5D=doclinks.js&scripts%5B%5D=functions.js&v=4.7.1 HTTP/1.1" 200 77857
::1 - - [06/Jun/2017:23:48:53 -0700] "GET /phpmyadmin/js/messages.php?lang=en&db=&v=4.7.1 HTTP/1.1" 200 8625
::1 - - [06/Jun/2017:23:48:53 -0700] "GET /phpmyadmin/js/whitelist.php?lang=en&db=&v=4.7.1 HTTP/1.1" 200 475
::1 - - [06/Jun/2017:23:48:53 -0700] "GET /phpmyadmin/js/get_scripts.js.php?scripts%5B%5D=jquery/jquery.min.js&scripts%5B%5D=jquery/jquery-migrate-3.0.0.js&scripts%5B%5D=sprintf.js&scripts%5B%5D=ajax.js&scripts%5B%5D=keyhandler.js&scripts%5B%5D=jquery/jquery-ui.min.js&scripts%5B%5D=jquery/jquery.cookie.js&scripts%5B%5D=jquery/jquery.mousewheel.js&scripts%5B%5D=jquery/jquery.event.drag-2.2.js&scripts%5B%5D=jquery/jquery-ui-timepicker-addon.js&v=4.7.1 HTTP/1.1" 200 138731
::1 - - [06/Jun/2017:23:48:54 -0700] "GET /phpmyadmin/themes/pmahomme/img/logo_right.png HTTP/1.1" 304 -
::1 - - [06/Jun/2017:23:48:53 -0700] "GET /phpmyadmin/js/get_image.js.php?theme=pmahomme&v=4.7.1 HTTP/1.1" 200 1841
::1 - - [06/Jun/2017:23:48:54 -0700] "GET /phpmyadmin/themes/dot.gif HTTP/1.1" 304 -
::1 - - [06/Jun/2017:23:48:55 -0700] "GET /phpmyadmin/themes/pmahomme/img/sprites.png?v=4.7.1 HTTP/1.1" 304 -
::1 - - [06/Jun/2017:23:48:58 -0700] "POST /phpmyadmin/index.php HTTP/1.1" 200 5137
::1 - - [06/Jun/2017:23:49:01 -0700] "POST /phpmyadmin/navigation.php?ajax_request=1 HTTP/1.1" 200 73
::1 - - [06/Jun/2017:23:49:37 -0700] "GET /phpmyadmin/ HTTP/1.1" 200 3254
::1 - - [06/Jun/2017:23:49:39 -0700] "GET /phpmyadmin/themes/pmahomme/jquery/jquery-ui.css HTTP/1.1" 200 36566
::1 - - [06/Jun/2017:23:49:39 -0700] "GET /phpmyadmin/themes/pmahomme/css/printview.css?v=4.7.1 HTTP/1.1" 200 2746
::1 - - [06/Jun/2017:23:49:39 -0700] "GET /phpmyadmin/js/codemirror/addon/hint/show-hint.css?v=4.7.1 HTTP/1.1" 200 623
::1 - - [06/Jun/2017:23:49:40 -0700] "GET /phpmyadmin/js/codemirror/lib/codemirror.css?v=4.7.1 HTTP/1.1" 200 8132
::1 - - [06/Jun/2017:23:49:39 -0700] "GET /phpmyadmin/js/get_scripts.js.php?scripts%5B%5D=jquery/jquery.ba-hashchange-1.3.js&scripts%5B%5D=jquery/jquery.debounce-1.0.5.js&scripts%5B%5D=menu-resizer.js&scripts%5B%5D=cross_framing_protection.js&scripts%5B%5D=rte.js&scripts%5B%5D=tracekit/tracekit.js&scripts%5B%5D=error_report.js&scripts%5B%5D=config.js&scripts%5B%5D=doclinks.js&scripts%5B%5D=functions.js&v=4.7.1 HTTP/1.1" 200 77857
::1 - - [06/Jun/2017:23:49:40 -0700] "GET /phpmyadmin/js/get_scripts.js.php?scripts%5B%5D=codemirror/addon/lint/lint.js&scripts%5B%5D=codemirror/addon/lint/sql-lint.js&scripts%5B%5D=console.js&v=4.7.1 HTTP/1.1" 200 13114
::1 - - [06/Jun/2017:23:49:40 -0700] "GET /phpmyadmin/js/messages.php?lang=en&db=&collation_connection=utf8mb4_unicode_ci&v=4.7.1 HTTP/1.1" 200 8625
::1 - - [06/Jun/2017:23:49:39 -0700] "GET /phpmyadmin/js/get_scripts.js.php?scripts%5B%5D=jquery/jquery.min.js&scripts%5B%5D=jquery/jquery-migrate-3.0.0.js&scripts%5B%5D=sprintf.js&scripts%5B%5D=ajax.js&scripts%5B%5D=keyhandler.js&scripts%5B%5D=jquery/jquery-ui.min.js&scripts%5B%5D=jquery/jquery.cookie.js&scripts%5B%5D=jquery/jquery.mousewheel.js&scripts%5B%5D=jquery/jquery.event.drag-2.2.js&scripts%5B%5D=jquery/jquery-ui-timepicker-addon.js&v=4.7.1 HTTP/1.1" 200 138731
::1 - - [06/Jun/2017:23:49:40 -0700] "GET /phpmyadmin/js/get_scripts.js.php?scripts%5B%5D=navigation.js&scripts%5B%5D=indexes.js&scripts%5B%5D=common.js&scripts%5B%5D=page_settings.js&scripts%5B%5D=shortcuts_handler.js&scripts%5B%5D=codemirror/lib/codemirror.js&scripts%5B%5D=codemirror/mode/sql/sql.js&scripts%5B%5D=codemirror/addon/runmode/runmode.js&scripts%5B%5D=codemirror/addon/hint/show-hint.js&scripts%5B%5D=codemirror/addon/hint/sql-hint.js&v=4.7.1 HTTP/1.1" 200 135447
::1 - - [06/Jun/2017:23:49:40 -0700] "GET /phpmyadmin/js/codemirror/addon/lint/lint.css?v=4.7.1 HTTP/1.1" 200 2999
::1 - - [06/Jun/2017:23:49:40 -0700] "GET /phpmyadmin/js/get_image.js.php?theme=pmahomme&v=4.7.1 HTTP/1.1" 200 1841
::1 - - [06/Jun/2017:23:49:40 -0700] "GET /phpmyadmin/js/whitelist.php?lang=en&db=&collation_connection=utf8mb4_unicode_ci&v=4.7.1 HTTP/1.1" 200 475
::1 - - [06/Jun/2017:23:49:40 -0700] "GET /phpmyadmin/phpmyadmin.css.php?nocache=2991631976ltr HTTP/1.1" 200 20155
::1 - - [06/Jun/2017:23:49:40 -0700] "GET /phpmyadmin/themes/pmahomme/img/logo_right.png HTTP/1.1" 200 4802
::1 - - [06/Jun/2017:23:49:40 -0700] "GET /phpmyadmin/themes/dot.gif HTTP/1.1" 200 43
192.168.43.217 - - [06/Jun/2017:23:58:30 -0700] "GET / HTTP/1.1" 200 88790
192.168.43.217 - - [06/Jun/2017:23:58:30 -0700] "GET /HNAP1/ HTTP/1.1" 404 204
fe80::501a:d1c0:48ef:935f - - [06/Jun/2017:23:58:30 -0700] "GET / HTTP/1.1" 200 88969
fe80::501a:d1c0:48ef:935f - - [06/Jun/2017:23:58:30 -0700] "GET /HNAP1/ HTTP/1.1" 400 347
::1 - - [07/Jun/2017:00:29:06 -0700] "GET /phpmyadmin/index.php HTTP/1.1" 200 3275
::1 - - [07/Jun/2017:00:29:08 -0700] "GET /phpmyadmin/themes/pmahomme/jquery/jquery-ui.css HTTP/1.1" 304 -
::1 - - [07/Jun/2017:00:29:08 -0700] "GET /phpmyadmin/js/codemirror/lib/codemirror.css?v=4.7.1 HTTP/1.1" 304 -
::1 - - [07/Jun/2017:00:29:08 -0700] "GET /phpmyadmin/js/codemirror/addon/lint/lint.css?v=4.7.1 HTTP/1.1" 304 -
::1 - - [07/Jun/2017:00:29:08 -0700] "GET /phpmyadmin/js/codemirror/addon/hint/show-hint.css?v=4.7.1 HTTP/1.1" 304 -
::1 - - [07/Jun/2017:00:29:08 -0700] "GET /phpmyadmin/themes/pmahomme/css/printview.css?v=4.7.1 HTTP/1.1" 304 -
::1 - - [07/Jun/2017:00:29:08 -0700] "GET /phpmyadmin/phpmyadmin.css.php?nocache=4488452488ltr HTTP/1.1" 200 20155
::1 - - [07/Jun/2017:00:29:08 -0700] "GET /phpmyadmin/js/get_scripts.js.php?scripts%5B%5D=jquery/jquery.ba-hashchange-1.3.js&scripts%5B%5D=jquery/jquery.debounce-1.0.5.js&scripts%5B%5D=menu-resizer.js&scripts%5B%5D=cross_framing_protection.js&scripts%5B%5D=rte.js&scripts%5B%5D=tracekit/tracekit.js&scripts%5B%5D=error_report.js&scripts%5B%5D=config.js&scripts%5B%5D=doclinks.js&scripts%5B%5D=functions.js&v=4.7.1 HTTP/1.1" 200 77857
::1 - - [07/Jun/2017:00:29:08 -0700] "GET /phpmyadmin/js/get_scripts.js.php?scripts%5B%5D=navigation.js&scripts%5B%5D=indexes.js&scripts%5B%5D=common.js&scripts%5B%5D=page_settings.js&scripts%5B%5D=shortcuts_handler.js&scripts%5B%5D=codemirror/lib/codemirror.js&scripts%5B%5D=codemirror/mode/sql/sql.js&scripts%5B%5D=codemirror/addon/runmode/runmode.js&scripts%5B%5D=codemirror/addon/hint/show-hint.js&scripts%5B%5D=codemirror/addon/hint/sql-hint.js&v=4.7.1 HTTP/1.1" 200 135447
::1 - - [07/Jun/2017:00:29:08 -0700] "GET /phpmyadmin/js/get_scripts.js.php?scripts%5B%5D=codemirror/addon/lint/lint.js&scripts%5B%5D=codemirror/addon/lint/sql-lint.js&scripts%5B%5D=console.js&v=4.7.1 HTTP/1.1" 200 13114
::1 - - [07/Jun/2017:00:29:08 -0700] "GET /phpmyadmin/js/get_scripts.js.php?scripts%5B%5D=jquery/jquery.min.js&scripts%5B%5D=jquery/jquery-migrate-3.0.0.js&scripts%5B%5D=sprintf.js&scripts%5B%5D=ajax.js&scripts%5B%5D=keyhandler.js&scripts%5B%5D=jquery/jquery-ui.min.js&scripts%5B%5D=jquery/jquery.cookie.js&scripts%5B%5D=jquery/jquery.mousewheel.js&scripts%5B%5D=jquery/jquery.event.drag-2.2.js&scripts%5B%5D=jquery/jquery-ui-timepicker-addon.js&v=4.7.1 HTTP/1.1" 200 138731
::1 - - [07/Jun/2017:00:29:08 -0700] "GET /phpmyadmin/js/whitelist.php?lang=en&db=&v=4.7.1 HTTP/1.1" 200 475
::1 - - [07/Jun/2017:00:29:09 -0700] "GET /phpmyadmin/js/messages.php?lang=en&db=&v=4.7.1 HTTP/1.1" 200 8625
::1 - - [07/Jun/2017:00:29:09 -0700] "GET /phpmyadmin/js/get_image.js.php?theme=pmahomme&v=4.7.1 HTTP/1.1" 200 1841
::1 - - [07/Jun/2017:00:29:10 -0700] "GET /phpmyadmin/themes/pmahomme/img/logo_right.png HTTP/1.1" 304 -
::1 - - [07/Jun/2017:00:29:11 -0700] "GET /phpmyadmin/themes/dot.gif HTTP/1.1" 304 -
::1 - - [07/Jun/2017:00:29:11 -0700] "GET /phpmyadmin/themes/pmahomme/img/sprites.png?v=4.7.1 HTTP/1.1" 304 -
::1 - - [07/Jun/2017:00:29:18 -0700] "POST /phpmyadmin/index.php HTTP/1.1" 200 5292
::1 - - [07/Jun/2017:00:29:22 -0700] "POST /phpmyadmin/navigation.php?ajax_request=1 HTTP/1.1" 200 73
::1 - - [07/Jun/2017:00:31:16 -0700] "GET /phpmyadmin/index.php HTTP/1.1" 200 3280
::1 - - [07/Jun/2017:00:31:17 -0700] "GET /phpmyadmin/themes/pmahomme/jquery/jquery-ui.css HTTP/1.1" 304 -
::1 - - [07/Jun/2017:00:31:17 -0700] "GET /phpmyadmin/js/codemirror/lib/codemirror.css?v=4.7.1 HTTP/1.1" 304 -
::1 - - [07/Jun/2017:00:31:17 -0700] "GET /phpmyadmin/js/codemirror/addon/hint/show-hint.css?v=4.7.1 HTTP/1.1" 304 -
::1 - - [07/Jun/2017:00:31:17 -0700] "GET /phpmyadmin/js/get_scripts.js.php?scripts%5B%5D=jquery/jquery.min.js&scripts%5B%5D=jquery/jquery-migrate-3.0.0.js&scripts%5B%5D=sprintf.js&scripts%5B%5D=ajax.js&scripts%5B%5D=keyhandler.js&scripts%5B%5D=jquery/jquery-ui.min.js&scripts%5B%5D=jquery/jquery.cookie.js&scripts%5B%5D=jquery/jquery.mousewheel.js&scripts%5B%5D=jquery/jquery.event.drag-2.2.js&scripts%5B%5D=jquery/jquery-ui-timepicker-addon.js&v=4.7.1 HTTP/1.1" 200 138731
::1 - - [07/Jun/2017:00:31:17 -0700] "GET /phpmyadmin/js/codemirror/addon/lint/lint.css?v=4.7.1 HTTP/1.1" 304 -
::1 - - [07/Jun/2017:00:31:17 -0700] "GET /phpmyadmin/themes/pmahomme/css/printview.css?v=4.7.1 HTTP/1.1" 304 -
::1 - - [07/Jun/2017:00:31:17 -0700] "GET /phpmyadmin/js/get_scripts.js.php?scripts%5B%5D=navigation.js&scripts%5B%5D=indexes.js&scripts%5B%5D=common.js&scripts%5B%5D=page_settings.js&scripts%5B%5D=shortcuts_handler.js&scripts%5B%5D=codemirror/lib/codemirror.js&scripts%5B%5D=codemirror/mode/sql/sql.js&scripts%5B%5D=codemirror/addon/runmode/runmode.js&scripts%5B%5D=codemirror/addon/hint/show-hint.js&scripts%5B%5D=codemirror/addon/hint/sql-hint.js&v=4.7.1 HTTP/1.1" 200 135447
::1 - - [07/Jun/2017:00:31:17 -0700] "GET /phpmyadmin/phpmyadmin.css.php?nocache=4488452488ltr HTTP/1.1" 200 20155
::1 - - [07/Jun/2017:00:31:17 -0700] "GET /phpmyadmin/js/whitelist.php?lang=en&db=&v=4.7.1 HTTP/1.1" 200 475
::1 - - [07/Jun/2017:00:31:17 -0700] "GET /phpmyadmin/js/get_scripts.js.php?scripts%5B%5D=codemirror/addon/lint/lint.js&scripts%5B%5D=codemirror/addon/lint/sql-lint.js&scripts%5B%5D=console.js&v=4.7.1 HTTP/1.1" 200 13114
::1 - - [07/Jun/2017:00:31:17 -0700] "GET /phpmyadmin/js/get_scripts.js.php?scripts%5B%5D=jquery/jquery.ba-hashchange-1.3.js&scripts%5B%5D=jquery/jquery.debounce-1.0.5.js&scripts%5B%5D=menu-resizer.js&scripts%5B%5D=cross_framing_protection.js&scripts%5B%5D=rte.js&scripts%5B%5D=tracekit/tracekit.js&scripts%5B%5D=error_report.js&scripts%5B%5D=config.js&scripts%5B%5D=doclinks.js&scripts%5B%5D=functions.js&v=4.7.1 HTTP/1.1" 200 77857
::1 - - [07/Jun/2017:00:31:17 -0700] "GET /phpmyadmin/js/messages.php?lang=en&db=&v=4.7.1 HTTP/1.1" 200 8625
::1 - - [07/Jun/2017:00:31:17 -0700] "GET /phpmyadmin/js/get_image.js.php?theme=pmahomme&v=4.7.1 HTTP/1.1" 200 1841
::1 - - [07/Jun/2017:00:31:18 -0700] "GET /phpmyadmin/themes/pmahomme/img/logo_right.png HTTP/1.1" 304 -
::1 - - [07/Jun/2017:00:31:19 -0700] "GET /phpmyadmin/themes/dot.gif HTTP/1.1" 304 -
::1 - - [07/Jun/2017:00:31:19 -0700] "GET /phpmyadmin/themes/pmahomme/img/sprites.png?v=4.7.1 HTTP/1.1" 304 -
::1 - - [07/Jun/2017:00:31:48 -0700] "GET /phpmyadmin/index.php HTTP/1.1" 200 3238
::1 - - [07/Jun/2017:00:31:49 -0700] "GET /phpmyadmin/themes/pmahomme/jquery/jquery-ui.css HTTP/1.1" 304 -
::1 - - [07/Jun/2017:00:31:49 -0700] "GET /phpmyadmin/js/codemirror/lib/codemirror.css?v=4.7.1 HTTP/1.1" 304 -
::1 - - [07/Jun/2017:00:31:49 -0700] "GET /phpmyadmin/themes/pmahomme/css/printview.css?v=4.7.1 HTTP/1.1" 304 -
::1 - - [07/Jun/2017:00:31:49 -0700] "GET /phpmyadmin/js/codemirror/addon/lint/lint.css?v=4.7.1 HTTP/1.1" 304 -
::1 - - [07/Jun/2017:00:31:49 -0700] "GET /phpmyadmin/js/codemirror/addon/hint/show-hint.css?v=4.7.1 HTTP/1.1" 304 -
::1 - - [07/Jun/2017:00:31:49 -0700] "GET /phpmyadmin/js/get_scripts.js.php?scripts%5B%5D=codemirror/addon/lint/lint.js&scripts%5B%5D=codemirror/addon/lint/sql-lint.js&scripts%5B%5D=console.js&v=4.7.1 HTTP/1.1" 200 13114
::1 - - [07/Jun/2017:00:31:49 -0700] "GET /phpmyadmin/js/whitelist.php?lang=en&db=&v=4.7.1 HTTP/1.1" 200 475
::1 - - [07/Jun/2017:00:31:49 -0700] "GET /phpmyadmin/js/get_scripts.js.php?scripts%5B%5D=jquery/jquery.ba-hashchange-1.3.js&scripts%5B%5D=jquery/jquery.debounce-1.0.5.js&scripts%5B%5D=menu-resizer.js&scripts%5B%5D=cross_framing_protection.js&scripts%5B%5D=rte.js&scripts%5B%5D=tracekit/tracekit.js&scripts%5B%5D=error_report.js&scripts%5B%5D=config.js&scripts%5B%5D=doclinks.js&scripts%5B%5D=functions.js&v=4.7.1 HTTP/1.1" 200 77857
::1 - - [07/Jun/2017:00:31:49 -0700] "GET /phpmyadmin/js/get_scripts.js.php?scripts%5B%5D=navigation.js&scripts%5B%5D=indexes.js&scripts%5B%5D=common.js&scripts%5B%5D=page_settings.js&scripts%5B%5D=shortcuts_handler.js&scripts%5B%5D=codemirror/lib/codemirror.js&scripts%5B%5D=codemirror/mode/sql/sql.js&scripts%5B%5D=codemirror/addon/runmode/runmode.js&scripts%5B%5D=codemirror/addon/hint/show-hint.js&scripts%5B%5D=codemirror/addon/hint/sql-hint.js&v=4.7.1 HTTP/1.1" 200 135447
::1 - - [07/Jun/2017:00:31:49 -0700] "GET /phpmyadmin/js/messages.php?lang=en&db=&v=4.7.1 HTTP/1.1" 200 8625
::1 - - [07/Jun/2017:00:31:49 -0700] "GET /phpmyadmin/phpmyadmin.css.php?nocache=4488452679ltr HTTP/1.1" 200 20155
::1 - - [07/Jun/2017:00:31:49 -0700] "GET /phpmyadmin/js/get_image.js.php?theme=pmahomme&v=4.7.1 HTTP/1.1" 200 1841
::1 - - [07/Jun/2017:00:31:49 -0700] "GET /phpmyadmin/js/get_scripts.js.php?scripts%5B%5D=jquery/jquery.min.js&scripts%5B%5D=jquery/jquery-migrate-3.0.0.js&scripts%5B%5D=sprintf.js&scripts%5B%5D=ajax.js&scripts%5B%5D=keyhandler.js&scripts%5B%5D=jquery/jquery-ui.min.js&scripts%5B%5D=jquery/jquery.cookie.js&scripts%5B%5D=jquery/jquery.mousewheel.js&scripts%5B%5D=jquery/jquery.event.drag-2.2.js&scripts%5B%5D=jquery/jquery-ui-timepicker-addon.js&v=4.7.1 HTTP/1.1" 200 138731
::1 - - [07/Jun/2017:00:31:50 -0700] "GET /phpmyadmin/themes/pmahomme/img/logo_right.png HTTP/1.1" 304 -
::1 - - [07/Jun/2017:00:31:50 -0700] "GET /phpmyadmin/themes/dot.gif HTTP/1.1" 304 -
::1 - - [07/Jun/2017:00:31:50 -0700] "GET /phpmyadmin/themes/pmahomme/img/sprites.png?v=4.7.1 HTTP/1.1" 304 -
::1 - - [07/Jun/2017:00:32:47 -0700] "GET /phpmyadmin/index.php HTTP/1.1" 200 3222
::1 - - [07/Jun/2017:00:32:48 -0700] "GET /phpmyadmin/themes/pmahomme/jquery/jquery-ui.css HTTP/1.1" 304 -
::1 - - [07/Jun/2017:00:32:48 -0700] "GET /phpmyadmin/js/codemirror/lib/codemirror.css?v=4.7.1 HTTP/1.1" 304 -
::1 - - [07/Jun/2017:00:32:48 -0700] "GET /phpmyadmin/js/codemirror/addon/hint/show-hint.css?v=4.7.1 HTTP/1.1" 304 -
::1 - - [07/Jun/2017:00:32:48 -0700] "GET /phpmyadmin/js/codemirror/addon/lint/lint.css?v=4.7.1 HTTP/1.1" 304 -
::1 - - [07/Jun/2017:00:32:48 -0700] "GET /phpmyadmin/themes/pmahomme/css/printview.css?v=4.7.1 HTTP/1.1" 304 -
::1 - - [07/Jun/2017:00:32:48 -0700] "GET /phpmyadmin/js/get_scripts.js.php?scripts%5B%5D=jquery/jquery.ba-hashchange-1.3.js&scripts%5B%5D=jquery/jquery.debounce-1.0.5.js&scripts%5B%5D=menu-resizer.js&scripts%5B%5D=cross_framing_protection.js&scripts%5B%5D=rte.js&scripts%5B%5D=tracekit/tracekit.js&scripts%5B%5D=error_report.js&scripts%5B%5D=config.js&scripts%5B%5D=doclinks.js&scripts%5B%5D=functions.js&v=4.7.1 HTTP/1.1" 200 77857
::1 - - [07/Jun/2017:00:32:48 -0700] "GET /phpmyadmin/js/get_image.js.php?theme=pmahomme&v=4.7.1 HTTP/1.1" 200 1841
::1 - - [07/Jun/2017:00:32:48 -0700] "GET /phpmyadmin/js/get_scripts.js.php?scripts%5B%5D=navigation.js&scripts%5B%5D=indexes.js&scripts%5B%5D=common.js&scripts%5B%5D=page_settings.js&scripts%5B%5D=shortcuts_handler.js&scripts%5B%5D=codemirror/lib/codemirror.js&scripts%5B%5D=codemirror/mode/sql/sql.js&scripts%5B%5D=codemirror/addon/runmode/runmode.js&scripts%5B%5D=codemirror/addon/hint/show-hint.js&scripts%5B%5D=codemirror/addon/hint/sql-hint.js&v=4.7.1 HTTP/1.1" 200 135447
::1 - - [07/Jun/2017:00:32:48 -0700] "GET /phpmyadmin/js/whitelist.php?lang=en&db=&v=4.7.1 HTTP/1.1" 200 475
::1 - - [07/Jun/2017:00:32:48 -0700] "GET /phpmyadmin/js/get_scripts.js.php?scripts%5B%5D=jquery/jquery.min.js&scripts%5B%5D=jquery/jquery-migrate-3.0.0.js&scripts%5B%5D=sprintf.js&scripts%5B%5D=ajax.js&scripts%5B%5D=keyhandler.js&scripts%5B%5D=jquery/jquery-ui.min.js&scripts%5B%5D=jquery/jquery.cookie.js&scripts%5B%5D=jquery/jquery.mousewheel.js&scripts%5B%5D=jquery/jquery.event.drag-2.2.js&scripts%5B%5D=jquery/jquery-ui-timepicker-addon.js&v=4.7.1 HTTP/1.1" 200 138731
::1 - - [07/Jun/2017:00:32:48 -0700] "GET /phpmyadmin/js/get_scripts.js.php?scripts%5B%5D=codemirror/addon/lint/lint.js&scripts%5B%5D=codemirror/addon/lint/sql-lint.js&scripts%5B%5D=console.js&v=4.7.1 HTTP/1.1" 200 13114
::1 - - [07/Jun/2017:00:32:48 -0700] "GET /phpmyadmin/js/messages.php?lang=en&db=&v=4.7.1 HTTP/1.1" 200 8625
::1 - - [07/Jun/2017:00:32:48 -0700] "GET /phpmyadmin/phpmyadmin.css.php?nocache=2991631976ltr HTTP/1.1" 200 20155
::1 - - [07/Jun/2017:00:32:49 -0700] "GET /phpmyadmin/themes/pmahomme/img/logo_right.png HTTP/1.1" 304 -
::1 - - [07/Jun/2017:00:32:49 -0700] "GET /phpmyadmin/themes/dot.gif HTTP/1.1" 304 -
::1 - - [07/Jun/2017:00:32:49 -0700] "GET /phpmyadmin/themes/pmahomme/img/sprites.png?v=4.7.1 HTTP/1.1" 304 -
::1 - - [07/Jun/2017:00:32:52 -0700] "POST /phpmyadmin/index.php HTTP/1.1" 200 5136
::1 - - [07/Jun/2017:00:32:55 -0700] "POST /phpmyadmin/navigation.php?ajax_request=1 HTTP/1.1" 200 73
::1 - - [11/Jun/2017:05:24:38 -0700] "GET / HTTP/1.1" 200 90426
::1 - - [11/Jun/2017:05:24:41 -0700] "GET /favicon.ico HTTP/1.1" 404 209
::1 - - [12/Jun/2017:14:27:25 -0700] "GET / HTTP/1.1" 200 90426
::1 - - [12/Jun/2017:14:27:29 -0700] "GET /favicon.ico HTTP/1.1" 404 209
fe80::501a:d1c0:48ef:935f - - [18/Jun/2017:13:59:00 +0100] "GET / HTTP/1.1" 200 89441
192.168.43.217 - - [18/Jun/2017:13:59:00 +0100] "GET / HTTP/1.1" 200 89263
::1 - - [18/Jun/2017:15:07:11 +0100] "GET / HTTP/1.1" 200 90720
::1 - - [18/Jun/2017:15:07:26 +0100] "GET /favicon.ico HTTP/1.1" 404 209
192.168.43.217 - - [19/Jun/2017:22:11:05 +0100] "GET / HTTP/1.1" 200 89263
fe80::501a:d1c0:48ef:935f - - [19/Jun/2017:22:11:06 +0100] "GET / HTTP/1.1" 200 89442
fe80::501a:d1c0:48ef:935f - - [19/Jun/2017:22:11:07 +0100] "GET /HNAP1/ HTTP/1.1" 400 347
192.168.43.217 - - [22/Jun/2017:16:39:20 +0100] "GET / HTTP/1.1" 200 89263
fe80::501a:d1c0:48ef:935f - - [22/Jun/2017:16:39:20 +0100] "GET / HTTP/1.1" 200 89441
192.168.43.217 - - [22/Jun/2017:16:39:21 +0100] "GET /HNAP1/ HTTP/1.1" 404 204
fe80::501a:d1c0:48ef:935f - - [22/Jun/2017:16:39:21 +0100] "GET /HNAP1/ HTTP/1.1" 400 347
192.168.1.136 - - [23/Jun/2017:21:27:00 +0100] "GET / HTTP/1.1" 200 89254
fe80::501a:d1c0:48ef:935f - - [23/Jun/2017:21:27:00 +0100] "GET / HTTP/1.1" 200 89441
192.168.1.136 - - [23/Jun/2017:21:27:00 +0100] "GET /HNAP1/ HTTP/1.1" 404 204
fe80::501a:d1c0:48ef:935f - - [23/Jun/2017:21:27:00 +0100] "GET /HNAP1/ HTTP/1.1" 400 347
127.0.0.1 - - [26/Jun/2017:08:45:35 +0100] "GET / HTTP/1.1" 400 226
192.168.43.217 - - [26/Jun/2017:21:45:19 +0100] "GET / HTTP/1.1" 200 343
fe80::501a:d1c0:48ef:935f - - [26/Jun/2017:21:45:19 +0100] "GET / HTTP/1.1" 200 343
192.168.43.217 - - [26/Jun/2017:21:45:19 +0100] "GET /HNAP1/ HTTP/1.1" 404 204
fe80::501a:d1c0:48ef:935f - - [26/Jun/2017:21:45:19 +0100] "GET /HNAP1/ HTTP/1.1" 400 347
192.168.43.217 - - [26/Jun/2017:22:24:30 +0100] "GET / HTTP/1.1" 200 343
fe80::501a:d1c0:48ef:935f - - [26/Jun/2017:22:24:30 +0100] "GET / HTTP/1.1" 200 343
192.168.43.217 - - [26/Jun/2017:22:24:30 +0100] "GET /HNAP1/ HTTP/1.1" 404 204
fe80::501a:d1c0:48ef:935f - - [26/Jun/2017:22:24:30 +0100] "GET /HNAP1/ HTTP/1.1" 400 347
192.168.43.217 - - [28/Jun/2017:20:51:46 +0100] "GET / HTTP/1.1" 200 343
fe80::501a:d1c0:48ef:935f - - [28/Jun/2017:20:51:46 +0100] "GET / HTTP/1.1" 200 343
192.168.43.217 - - [28/Jun/2017:20:51:46 +0100] "GET /HNAP1/ HTTP/1.1" 404 204
fe80::501a:d1c0:48ef:935f - - [28/Jun/2017:20:51:46 +0100] "GET /HNAP1/ HTTP/1.1" 400 347
fe80::501a:d1c0:48ef:935f - - [28/Jun/2017:21:04:57 +0100] "OPTIONS / HTTP/1.1" 200 -
fe80::501a:d1c0:48ef:935f - - [28/Jun/2017:21:05:18 +0100] "OPTIONS / HTTP/1.1" 200 -
192.168.43.217 - - [01/Jul/2017:15:15:06 +0100] "GET / HTTP/1.1" 200 823
fe80::501a:d1c0:48ef:935f - - [01/Jul/2017:15:15:08 +0100] "GET / HTTP/1.1" 200 823
192.168.43.217 - - [01/Jul/2017:15:15:08 +0100] "GET /HNAP1/ HTTP/1.1" 404 204
fe80::501a:d1c0:48ef:935f - - [01/Jul/2017:15:15:08 +0100] "GET /HNAP1/ HTTP/1.1" 400 347
192.168.43.217 - - [01/Jul/2017:19:23:25 +0100] "GET / HTTP/1.1" 200 823
fe80::501a:d1c0:48ef:935f - - [01/Jul/2017:19:23:26 +0100] "GET / HTTP/1.1" 200 823
192.168.43.217 - - [01/Jul/2017:19:23:26 +0100] "GET /HNAP1/ HTTP/1.1" 404 204
fe80::501a:d1c0:48ef:935f - - [01/Jul/2017:19:23:26 +0100] "GET /HNAP1/ HTTP/1.1" 400 347
192.168.43.217 - - [02/Jul/2017:06:48:20 +0100] "GET / HTTP/1.1" 200 869
fe80::501a:d1c0:48ef:935f - - [02/Jul/2017:06:48:21 +0100] "GET / HTTP/1.1" 200 869
192.168.43.217 - - [02/Jul/2017:06:48:21 +0100] "GET /HNAP1/ HTTP/1.1" 404 204
fe80::501a:d1c0:48ef:935f - - [02/Jul/2017:06:48:21 +0100] "GET /HNAP1/ HTTP/1.1" 400 347
192.168.43.217 - - [03/Jul/2017:22:49:21 +0100] "GET / HTTP/1.1" 200 1101
fe80::501a:d1c0:48ef:935f - - [03/Jul/2017:22:49:23 +0100] "GET / HTTP/1.1" 200 1101
192.168.43.217 - - [03/Jul/2017:22:59:44 +0100] "GET / HTTP/1.1" 200 1101
fe80::501a:d1c0:48ef:935f - - [03/Jul/2017:22:59:44 +0100] "GET / HTTP/1.1" 200 1101
192.168.43.217 - - [03/Jul/2017:22:59:44 +0100] "GET /HNAP1/ HTTP/1.1" 404 204
fe80::501a:d1c0:48ef:935f - - [03/Jul/2017:22:59:44 +0100] "GET /HNAP1/ HTTP/1.1" 400 347
